2024-11-27 20:09:41 Loading main app package /usr/lib/obsidian/obsidian.asar
2024-11-27 20:09:41 Checking for update using Github
2024-11-27 20:09:41 Success.
2024-11-27 20:09:41 Latest version is 1.7.7
2024-11-27 20:09:41 App is up to date.
2024-11-27 20:27:05 Loading main app package /usr/lib/obsidian/obsidian.asar
2024-11-27 20:27:05 Checking for update using Github
2024-11-27 20:27:05 Success.
2024-11-27 20:27:05 Latest version is 1.7.7
2024-11-27 20:27:05 App is up to date.
2024-11-27 20:28:29 Loading main app package /usr/lib/obsidian/obsidian.asar
2024-11-27 20:28:29 Checking for update using Github
2024-11-27 20:28:29 Success.
2024-11-27 20:28:29 Latest version is 1.7.7
2024-11-27 20:28:29 App is up to date.
2024-11-27 20:28:43 Loading main app package /usr/lib/obsidian/obsidian.asar
2024-11-27 20:28:43 Checking for update using Github
2024-11-27 20:28:43 Success.
2024-11-27 20:28:43 Latest version is 1.7.7
2024-11-27 20:28:43 App is up to date.
2024-11-27 20:29:05 Loading main app package /usr/lib/obsidian/obsidian.asar
2024-11-27 20:29:06 Checking for update using Github
2024-11-27 20:29:06 Success.
2024-11-27 20:29:06 Latest version is 1.7.7
2024-11-27 20:29:06 App is up to date.
2024-11-27 20:29:25 Loading main app package /usr/lib/obsidian/obsidian.asar
2024-11-27 20:29:25 Checking for update using Github
2024-11-27 20:29:25 Success.
2024-11-27 20:29:25 Latest version is 1.7.7
2024-11-27 20:29:25 App is up to date.
2024-11-27 20:29:35 Loading main app package /usr/lib/obsidian/obsidian.asar
2024-11-27 20:29:35 Checking for update using Github
2024-11-27 20:29:35 Success.
2024-11-27 20:29:35 Latest version is 1.7.7
2024-11-27 20:29:35 App is up to date.
2024-11-27 20:29:45 Loading main app package /usr/lib/obsidian/obsidian.asar
2024-11-27 20:29:46 Checking for update using Github
2024-11-27 20:29:46 Success.
2024-11-27 20:29:46 Latest version is 1.7.7
2024-11-27 20:29:46 App is up to date.
2024-11-27 20:29:58 Loading main app package /usr/lib/obsidian/obsidian.asar
2024-11-27 20:29:58 Checking for update using Github
2024-11-27 20:29:58 Success.
2024-11-27 20:29:58 Latest version is 1.7.7
2024-11-27 20:29:58 App is up to date.
2024-11-27 20:30:12 Loading main app package /usr/lib/obsidian/obsidian.asar
2024-11-27 20:30:12 Checking for update using Github
2024-11-27 20:30:12 Success.
2024-11-27 20:30:12 Latest version is 1.7.7
2024-11-27 20:30:12 App is up to date.
2024-12-02 04:44:31 Loading main app package /usr/lib/obsidian/obsidian.asar
2024-12-02 04:44:32 Checking for update using Github
2024-12-02 04:44:32 Success.
2024-12-02 04:44:32 Latest version is 1.7.7
2024-12-02 04:44:32 App is up to date.
2024-12-02 07:27:55 Loading main app package /usr/lib/obsidian/obsidian.asar
2024-12-02 07:27:55 Checking for update using Github
2024-12-02 07:27:56 Success.
2024-12-02 07:27:56 Latest version is 1.7.7
2024-12-02 07:27:56 App is up to date.
2024-12-04 03:57:38 Loading main app package /usr/lib/obsidian/obsidian.asar
2024-12-04 03:57:38 Checking for update using Github
2024-12-04 03:57:38 Success.
2024-12-04 03:57:38 Latest version is 1.7.7
2024-12-04 03:57:38 App is up to date.
