[2m2024-11-25T00:56:06.479782Z[0m [33m WARN[0m [2matac::app::files::key_bindings[0m[2m:[0m No key bindings file found, using default
[2m2024-11-25T00:56:06.479796Z[0m [33m WARN[0m [2matac::app::files::theme[0m[2m:[0m No theme file found, using default
[2m2024-11-25T00:56:08.067281Z[0m [34mDEBUG[0m [2matac::tui::events[0m[2m:[0m Key pressed: Right
[2m2024-11-25T00:56:08.152128Z[0m [34mDEBUG[0m [2matac::tui::events[0m[2m:[0m Key pressed: Down
[2m2024-11-25T00:56:09.762720Z[0m [34mDEBUG[0m [2matac::tui::events[0m[2m:[0m Key pressed: Enter
[2m2024-11-25T00:56:10.180191Z[0m [34mDEBUG[0m [2matac::tui::events[0m[2m:[0m Key pressed: Down
[2m2024-11-25T00:56:10.291554Z[0m [34mDEBUG[0m [2matac::tui::events[0m[2m:[0m Key pressed: Down
[2m2024-11-25T00:56:10.527314Z[0m [34mDEBUG[0m [2matac::tui::events[0m[2m:[0m Key pressed: Enter
[2m2024-11-25T00:56:11.242840Z[0m [34mDEBUG[0m [2matac::tui::events[0m[2m:[0m Key pressed: u
[2m2024-11-25T00:56:11.580223Z[0m [34mDEBUG[0m [2matac::tui::events[0m[2m:[0m Key pressed: Left
[2m2024-11-25T00:56:11.739183Z[0m [34mDEBUG[0m [2matac::tui::events[0m[2m:[0m Key pressed: Left
[2m2024-11-25T00:56:12.039430Z[0m [34mDEBUG[0m [2matac::tui::events[0m[2m:[0m Key pressed: Left
[2m2024-11-25T00:56:12.059623Z[0m [34mDEBUG[0m [2matac::tui::events[0m[2m:[0m Key pressed: Left
[2m2024-11-25T00:56:12.079582Z[0m [34mDEBUG[0m [2matac::tui::events[0m[2m:[0m Key pressed: Left
[2m2024-11-25T00:56:12.099719Z[0m [34mDEBUG[0m [2matac::tui::events[0m[2m:[0m Key pressed: Left
[2m2024-11-25T00:56:12.119865Z[0m [34mDEBUG[0m [2matac::tui::events[0m[2m:[0m Key pressed: Left
[2m2024-11-25T00:56:12.139988Z[0m [34mDEBUG[0m [2matac::tui::events[0m[2m:[0m Key pressed: Left
[2m2024-11-25T00:56:12.160015Z[0m [34mDEBUG[0m [2matac::tui::events[0m[2m:[0m Key pressed: Left
[2m2024-11-25T00:56:12.180163Z[0m [34mDEBUG[0m [2matac::tui::events[0m[2m:[0m Key pressed: Left
[2m2024-11-25T00:56:12.200309Z[0m [34mDEBUG[0m [2matac::tui::events[0m[2m:[0m Key pressed: Left
[2m2024-11-25T00:56:12.220661Z[0m [34mDEBUG[0m [2matac::tui::events[0m[2m:[0m Key pressed: Left
[2m2024-11-25T00:56:12.240964Z[0m [34mDEBUG[0m [2matac::tui::events[0m[2m:[0m Key pressed: Left
[2m2024-11-25T00:56:12.261238Z[0m [34mDEBUG[0m [2matac::tui::events[0m[2m:[0m Key pressed: Left
[2m2024-11-25T00:56:12.281109Z[0m [34mDEBUG[0m [2matac::tui::events[0m[2m:[0m Key pressed: Left
[2m2024-11-25T00:56:12.301470Z[0m [34mDEBUG[0m [2matac::tui::events[0m[2m:[0m Key pressed: Left
[2m2024-11-25T00:56:12.321681Z[0m [34mDEBUG[0m [2matac::tui::events[0m[2m:[0m Key pressed: Left
[2m2024-11-25T00:56:12.341895Z[0m [34mDEBUG[0m [2matac::tui::events[0m[2m:[0m Key pressed: Left
[2m2024-11-25T00:56:12.362243Z[0m [34mDEBUG[0m [2matac::tui::events[0m[2m:[0m Key pressed: Left
[2m2024-11-25T00:56:12.382460Z[0m [34mDEBUG[0m [2matac::tui::events[0m[2m:[0m Key pressed: Left
[2m2024-11-25T00:56:12.402686Z[0m [34mDEBUG[0m [2matac::tui::events[0m[2m:[0m Key pressed: Left
[2m2024-11-25T00:56:12.422904Z[0m [34mDEBUG[0m [2matac::tui::events[0m[2m:[0m Key pressed: Left
[2m2024-11-25T00:56:12.443071Z[0m [34mDEBUG[0m [2matac::tui::events[0m[2m:[0m Key pressed: Left
[2m2024-11-25T00:56:12.463241Z[0m [34mDEBUG[0m [2matac::tui::events[0m[2m:[0m Key pressed: Left
[2m2024-11-25T00:56:12.483340Z[0m [34mDEBUG[0m [2matac::tui::events[0m[2m:[0m Key pressed: Left
[2m2024-11-25T00:56:12.503578Z[0m [34mDEBUG[0m [2matac::tui::events[0m[2m:[0m Key pressed: Left
[2m2024-11-25T00:56:12.523722Z[0m [34mDEBUG[0m [2matac::tui::events[0m[2m:[0m Key pressed: Left
[2m2024-11-25T00:56:12.543968Z[0m [34mDEBUG[0m [2matac::tui::events[0m[2m:[0m Key pressed: Left
[2m2024-11-25T00:56:12.564261Z[0m [34mDEBUG[0m [2matac::tui::events[0m[2m:[0m Key pressed: Left
[2m2024-11-25T00:56:12.584328Z[0m [34mDEBUG[0m [2matac::tui::events[0m[2m:[0m Key pressed: Left
[2m2024-11-25T00:56:12.604709Z[0m [34mDEBUG[0m [2matac::tui::events[0m[2m:[0m Key pressed: Left
[2m2024-11-25T00:56:12.624912Z[0m [34mDEBUG[0m [2matac::tui::events[0m[2m:[0m Key pressed: Left
[2m2024-11-25T00:56:12.645190Z[0m [34mDEBUG[0m [2matac::tui::events[0m[2m:[0m Key pressed: Left
[2m2024-11-25T00:56:12.665449Z[0m [34mDEBUG[0m [2matac::tui::events[0m[2m:[0m Key pressed: Left
[2m2024-11-25T00:56:12.685606Z[0m [34mDEBUG[0m [2matac::tui::events[0m[2m:[0m Key pressed: Left
[2m2024-11-25T00:56:12.705787Z[0m [34mDEBUG[0m [2matac::tui::events[0m[2m:[0m Key pressed: Left
[2m2024-11-25T00:56:12.725816Z[0m [34mDEBUG[0m [2matac::tui::events[0m[2m:[0m Key pressed: Left
[2m2024-11-25T00:56:12.746102Z[0m [34mDEBUG[0m [2matac::tui::events[0m[2m:[0m Key pressed: Left
[2m2024-11-25T00:56:12.766333Z[0m [34mDEBUG[0m [2matac::tui::events[0m[2m:[0m Key pressed: Left
[2m2024-11-25T00:56:12.786617Z[0m [34mDEBUG[0m [2matac::tui::events[0m[2m:[0m Key pressed: Left
[2m2024-11-25T00:56:12.875562Z[0m [34mDEBUG[0m [2matac::tui::events[0m[2m:[0m Key pressed: h
[2m2024-11-25T00:56:13.557898Z[0m [34mDEBUG[0m [2matac::tui::events[0m[2m:[0m Key pressed: t
[2m2024-11-25T00:56:13.681187Z[0m [34mDEBUG[0m [2matac::tui::events[0m[2m:[0m Key pressed: t
[2m2024-11-25T00:56:13.731235Z[0m [34mDEBUG[0m [2matac::tui::events[0m[2m:[0m Key pressed: p
[2m2024-11-25T00:56:13.895239Z[0m [34mDEBUG[0m [2matac::tui::events[0m[2m:[0m Key pressed: :
[2m2024-11-25T00:56:14.210134Z[0m [34mDEBUG[0m [2matac::tui::events[0m[2m:[0m Key pressed: /
[2m2024-11-25T00:56:14.351181Z[0m [34mDEBUG[0m [2matac::tui::events[0m[2m:[0m Key pressed: /
[2m2024-11-25T00:56:14.943147Z[0m [34mDEBUG[0m [2matac::tui::events[0m[2m:[0m Key pressed: Esc
[2m2024-11-25T00:56:16.210158Z[0m [34mDEBUG[0m [2matac::tui::events[0m[2m:[0m Key pressed: Up
[2m2024-11-25T00:56:16.510950Z[0m [34mDEBUG[0m [2matac::tui::events[0m[2m:[0m Key pressed: Left
[2m2024-11-25T00:56:16.692664Z[0m [34mDEBUG[0m [2matac::tui::events[0m[2m:[0m Key pressed: Down
[2m2024-11-25T00:56:17.268149Z[0m [34mDEBUG[0m [2matac::tui::events[0m[2m:[0m Key pressed: u
[2m2024-11-25T00:56:17.601150Z[0m [34mDEBUG[0m [2matac::tui::events[0m[2m:[0m Key pressed: Down
[2m2024-11-25T00:56:17.888175Z[0m [34mDEBUG[0m [2matac::tui::events[0m[2m:[0m Key pressed: Left
[2m2024-11-25T00:56:18.188491Z[0m [34mDEBUG[0m [2matac::tui::events[0m[2m:[0m Key pressed: Left
[2m2024-11-25T00:56:18.208710Z[0m [34mDEBUG[0m [2matac::tui::events[0m[2m:[0m Key pressed: Left
[2m2024-11-25T00:56:18.228813Z[0m [34mDEBUG[0m [2matac::tui::events[0m[2m:[0m Key pressed: Left
[2m2024-11-25T00:56:18.248887Z[0m [34mDEBUG[0m [2matac::tui::events[0m[2m:[0m Key pressed: Left
[2m2024-11-25T00:56:18.269168Z[0m [34mDEBUG[0m [2matac::tui::events[0m[2m:[0m Key pressed: Left
[2m2024-11-25T00:56:18.289543Z[0m [34mDEBUG[0m [2matac::tui::events[0m[2m:[0m Key pressed: Left
[2m2024-11-25T00:56:18.309680Z[0m [34mDEBUG[0m [2matac::tui::events[0m[2m:[0m Key pressed: Left
[2m2024-11-25T00:56:18.329905Z[0m [34mDEBUG[0m [2matac::tui::events[0m[2m:[0m Key pressed: Left
[2m2024-11-25T00:56:18.350154Z[0m [34mDEBUG[0m [2matac::tui::events[0m[2m:[0m Key pressed: Left
[2m2024-11-25T00:56:18.370441Z[0m [34mDEBUG[0m [2matac::tui::events[0m[2m:[0m Key pressed: Left
[2m2024-11-25T00:56:18.390609Z[0m [34mDEBUG[0m [2matac::tui::events[0m[2m:[0m Key pressed: Left
[2m2024-11-25T00:56:18.410779Z[0m [34mDEBUG[0m [2matac::tui::events[0m[2m:[0m Key pressed: Left
[2m2024-11-25T00:56:18.431025Z[0m [34mDEBUG[0m [2matac::tui::events[0m[2m:[0m Key pressed: Left
[2m2024-11-25T00:56:18.451129Z[0m [34mDEBUG[0m [2matac::tui::events[0m[2m:[0m Key pressed: Left
[2m2024-11-25T00:56:18.471398Z[0m [34mDEBUG[0m [2matac::tui::events[0m[2m:[0m Key pressed: Left
[2m2024-11-25T00:56:18.491517Z[0m [34mDEBUG[0m [2matac::tui::events[0m[2m:[0m Key pressed: Left
[2m2024-11-25T00:56:18.511914Z[0m [34mDEBUG[0m [2matac::tui::events[0m[2m:[0m Key pressed: Left
[2m2024-11-25T00:56:18.532188Z[0m [34mDEBUG[0m [2matac::tui::events[0m[2m:[0m Key pressed: Left
[2m2024-11-25T00:56:18.552442Z[0m [34mDEBUG[0m [2matac::tui::events[0m[2m:[0m Key pressed: Left
[2m2024-11-25T00:56:18.572600Z[0m [34mDEBUG[0m [2matac::tui::events[0m[2m:[0m Key pressed: Left
[2m2024-11-25T00:56:18.592798Z[0m [34mDEBUG[0m [2matac::tui::events[0m[2m:[0m Key pressed: Left
[2m2024-11-25T00:56:18.613024Z[0m [34mDEBUG[0m [2matac::tui::events[0m[2m:[0m Key pressed: Left
[2m2024-11-25T00:56:18.633226Z[0m [34mDEBUG[0m [2matac::tui::events[0m[2m:[0m Key pressed: Left
[2m2024-11-25T00:56:18.653263Z[0m [34mDEBUG[0m [2matac::tui::events[0m[2m:[0m Key pressed: Left
[2m2024-11-25T00:56:18.673358Z[0m [34mDEBUG[0m [2matac::tui::events[0m[2m:[0m Key pressed: Left
[2m2024-11-25T00:56:18.693489Z[0m [34mDEBUG[0m [2matac::tui::events[0m[2m:[0m Key pressed: Left
[2m2024-11-25T00:56:18.713779Z[0m [34mDEBUG[0m [2matac::tui::events[0m[2m:[0m Key pressed: Left
[2m2024-11-25T00:56:18.734124Z[0m [34mDEBUG[0m [2matac::tui::events[0m[2m:[0m Key pressed: Left
[2m2024-11-25T00:56:18.754400Z[0m [34mDEBUG[0m [2matac::tui::events[0m[2m:[0m Key pressed: Left
[2m2024-11-25T00:56:18.774580Z[0m [34mDEBUG[0m [2matac::tui::events[0m[2m:[0m Key pressed: Left
[2m2024-11-25T00:56:18.794891Z[0m [34mDEBUG[0m [2matac::tui::events[0m[2m:[0m Key pressed: Left
[2m2024-11-25T00:56:18.815106Z[0m [34mDEBUG[0m [2matac::tui::events[0m[2m:[0m Key pressed: Left
[2m2024-11-25T00:56:18.835331Z[0m [34mDEBUG[0m [2matac::tui::events[0m[2m:[0m Key pressed: Left
[2m2024-11-25T00:56:18.855350Z[0m [34mDEBUG[0m [2matac::tui::events[0m[2m:[0m Key pressed: Left
[2m2024-11-25T00:56:18.875758Z[0m [34mDEBUG[0m [2matac::tui::events[0m[2m:[0m Key pressed: Left
[2m2024-11-25T00:56:18.895959Z[0m [34mDEBUG[0m [2matac::tui::events[0m[2m:[0m Key pressed: Left
[2m2024-11-25T00:56:18.916004Z[0m [34mDEBUG[0m [2matac::tui::events[0m[2m:[0m Key pressed: Left
[2m2024-11-25T00:56:18.936148Z[0m [34mDEBUG[0m [2matac::tui::events[0m[2m:[0m Key pressed: Left
[2m2024-11-25T00:56:18.956374Z[0m [34mDEBUG[0m [2matac::tui::events[0m[2m:[0m Key pressed: Left
[2m2024-11-25T00:56:18.968169Z[0m [34mDEBUG[0m [2matac::tui::events[0m[2m:[0m Key pressed: h
[2m2024-11-25T00:56:19.200868Z[0m [34mDEBUG[0m [2matac::tui::events[0m[2m:[0m Key pressed: t
[2m2024-11-25T00:56:19.367311Z[0m [34mDEBUG[0m [2matac::tui::events[0m[2m:[0m Key pressed: t
[2m2024-11-25T00:56:19.520194Z[0m [34mDEBUG[0m [2matac::tui::events[0m[2m:[0m Key pressed: p
[2m2024-11-25T00:56:19.705808Z[0m [34mDEBUG[0m [2matac::tui::events[0m[2m:[0m Key pressed: :
[2m2024-11-25T00:56:19.929902Z[0m [34mDEBUG[0m [2matac::tui::events[0m[2m:[0m Key pressed: /
[2m2024-11-25T00:56:20.048061Z[0m [34mDEBUG[0m [2matac::tui::events[0m[2m:[0m Key pressed: /
[2m2024-11-25T00:56:20.360740Z[0m [32m INFO[0m [2matac::app::business_logic::request::url[0m[2m:[0m URL set to "http://localhost:8080/setchampion/Aatrox"
[2m2024-11-25T00:56:20.360809Z[0m [32m INFO[0m [2matac::app::files::collection[0m[2m:[0m Saving collection "HTTP Methods"
[2m2024-11-25T00:56:20.361258Z[0m [34mDEBUG[0m [2matac::tui::events[0m[2m:[0m Key pressed: Enter
[2m2024-11-25T00:56:22.081109Z[0m [34mDEBUG[0m [2matac::tui::events[0m[2m:[0m Key pressed: Space
[2m2024-11-25T00:56:22.081133Z[0m [32m INFO[0m [2matac::app::business_logic::request::send[0m[2m:[0m Sending request
[2m2024-11-25T00:56:22.081222Z[0m [34mDEBUG[0m [1mHTTP request[0m[1m{[0m[3mhttp.request.method[0m[2m=[0mPOST [3murl.scheme[0m[2m=[0mhttp [3mserver.address[0m[2m=[0mlocalhost [3mserver.port[0m[2m=[0m8080 [3muser_agent.original[0m[2m=[0mATAC/v0.18.1 [3motel.kind[0m[2m=[0m"client" [3motel.name[0m[2m=[0mPOST[1m}[0m[2m:[0m [2mreqwest::connect[0m[2m:[0m starting new connection: http://localhost:8080/    
[2m2024-11-25T00:56:22.081328Z[0m [34mDEBUG[0m [2mhyper_util::client::legacy::connect::dns[0m[2m:[0m resolving host="localhost"
[2m2024-11-25T00:56:22.082125Z[0m [34mDEBUG[0m [1mHTTP request[0m[1m{[0m[3mhttp.request.method[0m[2m=[0mPOST [3murl.scheme[0m[2m=[0mhttp [3mserver.address[0m[2m=[0mlocalhost [3mserver.port[0m[2m=[0m8080 [3muser_agent.original[0m[2m=[0mATAC/v0.18.1 [3motel.kind[0m[2m=[0m"client" [3motel.name[0m[2m=[0mPOST[1m}[0m[2m:[0m [2mhyper_util::client::legacy::connect::http[0m[2m:[0m connecting to [::1]:8080
[2m2024-11-25T00:56:22.082236Z[0m [34mDEBUG[0m [1mHTTP request[0m[1m{[0m[3mhttp.request.method[0m[2m=[0mPOST [3murl.scheme[0m[2m=[0mhttp [3mserver.address[0m[2m=[0mlocalhost [3mserver.port[0m[2m=[0m8080 [3muser_agent.original[0m[2m=[0mATAC/v0.18.1 [3motel.kind[0m[2m=[0m"client" [3motel.name[0m[2m=[0mPOST[1m}[0m[2m:[0m [2mhyper_util::client::legacy::connect::http[0m[2m:[0m connecting to 127.0.0.1:8080
[2m2024-11-25T00:56:46.084051Z[0m [34mDEBUG[0m [2matac::tui::events[0m[2m:[0m Key pressed: Space
[2m2024-11-25T00:56:46.084092Z[0m [32m INFO[0m [2matac::app::business_logic::request::send[0m[2m:[0m Sending request
[2m2024-11-25T00:56:46.084141Z[0m [34mDEBUG[0m [1mHTTP request[0m[1m{[0m[3mhttp.request.method[0m[2m=[0mPOST [3murl.scheme[0m[2m=[0mhttp [3mserver.address[0m[2m=[0mlocalhost [3mserver.port[0m[2m=[0m8080 [3muser_agent.original[0m[2m=[0mATAC/v0.18.1 [3motel.kind[0m[2m=[0m"client" [3motel.name[0m[2m=[0mPOST[1m}[0m[2m:[0m [2mreqwest::connect[0m[2m:[0m starting new connection: http://localhost:8080/    
[2m2024-11-25T00:56:46.084255Z[0m [34mDEBUG[0m [2mhyper_util::client::legacy::connect::dns[0m[2m:[0m resolving host="localhost"
[2m2024-11-25T00:56:46.084603Z[0m [34mDEBUG[0m [1mHTTP request[0m[1m{[0m[3mhttp.request.method[0m[2m=[0mPOST [3murl.scheme[0m[2m=[0mhttp [3mserver.address[0m[2m=[0mlocalhost [3mserver.port[0m[2m=[0m8080 [3muser_agent.original[0m[2m=[0mATAC/v0.18.1 [3motel.kind[0m[2m=[0m"client" [3motel.name[0m[2m=[0mPOST[1m}[0m[2m:[0m [2mhyper_util::client::legacy::connect::http[0m[2m:[0m connecting to [::1]:8080
[2m2024-11-25T00:56:46.084686Z[0m [34mDEBUG[0m [1mHTTP request[0m[1m{[0m[3mhttp.request.method[0m[2m=[0mPOST [3murl.scheme[0m[2m=[0mhttp [3mserver.address[0m[2m=[0mlocalhost [3mserver.port[0m[2m=[0m8080 [3muser_agent.original[0m[2m=[0mATAC/v0.18.1 [3motel.kind[0m[2m=[0m"client" [3motel.name[0m[2m=[0mPOST[1m}[0m[2m:[0m [2mhyper_util::client::legacy::connect::http[0m[2m:[0m connecting to 127.0.0.1:8080
[2m2024-11-25T00:56:46.084744Z[0m [34mDEBUG[0m [1mHTTP request[0m[1m{[0m[3mhttp.request.method[0m[2m=[0mPOST [3murl.scheme[0m[2m=[0mhttp [3mserver.address[0m[2m=[0mlocalhost [3mserver.port[0m[2m=[0m8080 [3muser_agent.original[0m[2m=[0mATAC/v0.18.1 [3motel.kind[0m[2m=[0m"client" [3motel.name[0m[2m=[0mPOST[1m}[0m[2m:[0m [2mhyper_util::client::legacy::connect::http[0m[2m:[0m connected to 127.0.0.1:8080
[2m2024-11-25T00:56:46.493717Z[0m [34mDEBUG[0m [1mHTTP request[0m[1m{[0m[3mhttp.request.method[0m[2m=[0mPOST [3murl.scheme[0m[2m=[0mhttp [3mserver.address[0m[2m=[0mlocalhost [3mserver.port[0m[2m=[0m8080 [3muser_agent.original[0m[2m=[0mATAC/v0.18.1 [3motel.kind[0m[2m=[0m"client" [3motel.name[0m[2m=[0mPOST[1m}[0m[2m:[0m [2mhyper_util::client::legacy::pool[0m[2m:[0m pooling idle connection for ("http", localhost:8080)
[2m2024-11-25T00:56:50.330325Z[0m [34mDEBUG[0m [2matac::tui::events[0m[2m:[0m Key pressed: Up
[2m2024-11-25T00:56:54.221318Z[0m [34mDEBUG[0m [2matac::tui::events[0m[2m:[0m Key pressed: Esc
[2m2024-11-25T00:56:54.572205Z[0m [34mDEBUG[0m [2matac::tui::events[0m[2m:[0m Key pressed: Up
[2m2024-11-25T00:56:55.470395Z[0m [34mDEBUG[0m [2matac::tui::events[0m[2m:[0m Key pressed: Enter
[2m2024-11-25T00:56:56.408796Z[0m [34mDEBUG[0m [2matac::tui::events[0m[2m:[0m Key pressed: u
[2m2024-11-25T00:56:56.782298Z[0m [34mDEBUG[0m [2matac::tui::events[0m[2m:[0m Key pressed: Left
[2m2024-11-25T00:56:56.784850Z[0m [34mDEBUG[0m [2matac::tui::events[0m[2m:[0m Key pressed: Down
[2m2024-11-25T00:56:57.533859Z[0m [34mDEBUG[0m [2matac::tui::events[0m[2m:[0m Key pressed: Left
[2m2024-11-25T00:56:57.834102Z[0m [34mDEBUG[0m [2matac::tui::events[0m[2m:[0m Key pressed: Left
[2m2024-11-25T00:56:57.854098Z[0m [34mDEBUG[0m [2matac::tui::events[0m[2m:[0m Key pressed: Left
[2m2024-11-25T00:56:57.874333Z[0m [34mDEBUG[0m [2matac::tui::events[0m[2m:[0m Key pressed: Left
[2m2024-11-25T00:56:57.894506Z[0m [34mDEBUG[0m [2matac::tui::events[0m[2m:[0m Key pressed: Left
[2m2024-11-25T00:56:57.914704Z[0m [34mDEBUG[0m [2matac::tui::events[0m[2m:[0m Key pressed: Left
[2m2024-11-25T00:56:57.934991Z[0m [34mDEBUG[0m [2matac::tui::events[0m[2m:[0m Key pressed: Left
[2m2024-11-25T00:56:57.955206Z[0m [34mDEBUG[0m [2matac::tui::events[0m[2m:[0m Key pressed: Left
[2m2024-11-25T00:56:57.975450Z[0m [34mDEBUG[0m [2matac::tui::events[0m[2m:[0m Key pressed: Left
[2m2024-11-25T00:56:57.995749Z[0m [34mDEBUG[0m [2matac::tui::events[0m[2m:[0m Key pressed: Left
[2m2024-11-25T00:56:58.016010Z[0m [34mDEBUG[0m [2matac::tui::events[0m[2m:[0m Key pressed: Left
[2m2024-11-25T00:56:58.036220Z[0m [34mDEBUG[0m [2matac::tui::events[0m[2m:[0m Key pressed: Left
[2m2024-11-25T00:56:58.056145Z[0m [34mDEBUG[0m [2matac::tui::events[0m[2m:[0m Key pressed: Left
[2m2024-11-25T00:56:58.076392Z[0m [34mDEBUG[0m [2matac::tui::events[0m[2m:[0m Key pressed: Left
[2m2024-11-25T00:56:58.096621Z[0m [34mDEBUG[0m [2matac::tui::events[0m[2m:[0m Key pressed: Left
[2m2024-11-25T00:56:58.116876Z[0m [34mDEBUG[0m [2matac::tui::events[0m[2m:[0m Key pressed: Left
[2m2024-11-25T00:56:58.137044Z[0m [34mDEBUG[0m [2matac::tui::events[0m[2m:[0m Key pressed: Left
[2m2024-11-25T00:56:58.157191Z[0m [34mDEBUG[0m [2matac::tui::events[0m[2m:[0m Key pressed: Left
[2m2024-11-25T00:56:58.177252Z[0m [34mDEBUG[0m [2matac::tui::events[0m[2m:[0m Key pressed: Left
[2m2024-11-25T00:56:58.197471Z[0m [34mDEBUG[0m [2matac::tui::events[0m[2m:[0m Key pressed: Left
[2m2024-11-25T00:56:58.217741Z[0m [34mDEBUG[0m [2matac::tui::events[0m[2m:[0m Key pressed: Left
[2m2024-11-25T00:56:58.238002Z[0m [34mDEBUG[0m [2matac::tui::events[0m[2m:[0m Key pressed: Left
[2m2024-11-25T00:56:58.258097Z[0m [34mDEBUG[0m [2matac::tui::events[0m[2m:[0m Key pressed: Left
[2m2024-11-25T00:56:58.278286Z[0m [34mDEBUG[0m [2matac::tui::events[0m[2m:[0m Key pressed: Left
[2m2024-11-25T00:56:58.298437Z[0m [34mDEBUG[0m [2matac::tui::events[0m[2m:[0m Key pressed: Left
[2m2024-11-25T00:56:58.318669Z[0m [34mDEBUG[0m [2matac::tui::events[0m[2m:[0m Key pressed: Left
[2m2024-11-25T00:56:58.338974Z[0m [34mDEBUG[0m [2matac::tui::events[0m[2m:[0m Key pressed: Left
[2m2024-11-25T00:56:58.359176Z[0m [34mDEBUG[0m [2matac::tui::events[0m[2m:[0m Key pressed: Left
[2m2024-11-25T00:56:58.372186Z[0m [34mDEBUG[0m [2matac::tui::events[0m[2m:[0m Key pressed: h
[2m2024-11-25T00:56:58.592891Z[0m [34mDEBUG[0m [2matac::tui::events[0m[2m:[0m Key pressed: t
[2m2024-11-25T00:56:58.723240Z[0m [34mDEBUG[0m [2matac::tui::events[0m[2m:[0m Key pressed: t
[2m2024-11-25T00:56:58.778170Z[0m [34mDEBUG[0m [2matac::tui::events[0m[2m:[0m Key pressed: p
[2m2024-11-25T00:56:58.946032Z[0m [34mDEBUG[0m [2matac::tui::events[0m[2m:[0m Key pressed: :
[2m2024-11-25T00:56:59.265309Z[0m [34mDEBUG[0m [2matac::tui::events[0m[2m:[0m Key pressed: /
[2m2024-11-25T00:56:59.548319Z[0m [34mDEBUG[0m [2matac::tui::events[0m[2m:[0m Key pressed: /
[2m2024-11-25T00:57:00.847804Z[0m [32m INFO[0m [2matac::app::business_logic::request::url[0m[2m:[0m URL set to "http://localhost:8080/stats"
[2m2024-11-25T00:57:00.847904Z[0m [32m INFO[0m [2matac::app::files::collection[0m[2m:[0m Saving collection "HTTP Methods"
[2m2024-11-25T00:57:00.848995Z[0m [34mDEBUG[0m [2matac::tui::events[0m[2m:[0m Key pressed: Enter
[2m2024-11-25T00:57:01.698137Z[0m [34mDEBUG[0m [2matac::tui::events[0m[2m:[0m Key pressed: Space
[2m2024-11-25T00:57:01.698170Z[0m [32m INFO[0m [2matac::app::business_logic::request::send[0m[2m:[0m Sending request
[2m2024-11-25T00:57:01.698214Z[0m [34mDEBUG[0m [1mHTTP request[0m[1m{[0m[3mhttp.request.method[0m[2m=[0mGET [3murl.scheme[0m[2m=[0mhttp [3mserver.address[0m[2m=[0mlocalhost [3mserver.port[0m[2m=[0m8080 [3muser_agent.original[0m[2m=[0mATAC/v0.18.1 [3motel.kind[0m[2m=[0m"client" [3motel.name[0m[2m=[0mGET[1m}[0m[2m:[0m [2mreqwest::connect[0m[2m:[0m starting new connection: http://localhost:8080/    
[2m2024-11-25T00:57:01.698274Z[0m [34mDEBUG[0m [2mhyper_util::client::legacy::connect::dns[0m[2m:[0m resolving host="localhost"
[2m2024-11-25T00:57:01.698650Z[0m [34mDEBUG[0m [1mHTTP request[0m[1m{[0m[3mhttp.request.method[0m[2m=[0mGET [3murl.scheme[0m[2m=[0mhttp [3mserver.address[0m[2m=[0mlocalhost [3mserver.port[0m[2m=[0m8080 [3muser_agent.original[0m[2m=[0mATAC/v0.18.1 [3motel.kind[0m[2m=[0m"client" [3motel.name[0m[2m=[0mGET[1m}[0m[2m:[0m [2mhyper_util::client::legacy::connect::http[0m[2m:[0m connecting to [::1]:8080
[2m2024-11-25T00:57:01.698710Z[0m [34mDEBUG[0m [1mHTTP request[0m[1m{[0m[3mhttp.request.method[0m[2m=[0mGET [3murl.scheme[0m[2m=[0mhttp [3mserver.address[0m[2m=[0mlocalhost [3mserver.port[0m[2m=[0m8080 [3muser_agent.original[0m[2m=[0mATAC/v0.18.1 [3motel.kind[0m[2m=[0m"client" [3motel.name[0m[2m=[0mGET[1m}[0m[2m:[0m [2mhyper_util::client::legacy::connect::http[0m[2m:[0m connecting to 127.0.0.1:8080
[2m2024-11-25T00:57:01.698767Z[0m [34mDEBUG[0m [1mHTTP request[0m[1m{[0m[3mhttp.request.method[0m[2m=[0mGET [3murl.scheme[0m[2m=[0mhttp [3mserver.address[0m[2m=[0mlocalhost [3mserver.port[0m[2m=[0m8080 [3muser_agent.original[0m[2m=[0mATAC/v0.18.1 [3motel.kind[0m[2m=[0m"client" [3motel.name[0m[2m=[0mGET[1m}[0m[2m:[0m [2mhyper_util::client::legacy::connect::http[0m[2m:[0m connected to 127.0.0.1:8080
[2m2024-11-25T00:57:01.699162Z[0m [34mDEBUG[0m [1mHTTP request[0m[1m{[0m[3mhttp.request.method[0m[2m=[0mGET [3murl.scheme[0m[2m=[0mhttp [3mserver.address[0m[2m=[0mlocalhost [3mserver.port[0m[2m=[0m8080 [3muser_agent.original[0m[2m=[0mATAC/v0.18.1 [3motel.kind[0m[2m=[0m"client" [3motel.name[0m[2m=[0mGET[1m}[0m[2m:[0m [2mhyper_util::client::legacy::pool[0m[2m:[0m pooling idle connection for ("http", localhost:8080)
[2m2024-11-25T00:57:03.208510Z[0m [34mDEBUG[0m [2matac::tui::events[0m[2m:[0m Key pressed: Down
[2m2024-11-25T00:57:03.210891Z[0m [34mDEBUG[0m [2matac::tui::events[0m[2m:[0m Key pressed: Down
[2m2024-11-25T00:57:03.211909Z[0m [34mDEBUG[0m [2matac::tui::events[0m[2m:[0m Key pressed: Down
[2m2024-11-25T00:57:03.212946Z[0m [34mDEBUG[0m [2matac::tui::events[0m[2m:[0m Key pressed: Down
[2m2024-11-25T00:57:03.213921Z[0m [34mDEBUG[0m [2matac::tui::events[0m[2m:[0m Key pressed: Down
[2m2024-11-25T00:57:03.236727Z[0m [34mDEBUG[0m [2matac::tui::events[0m[2m:[0m Key pressed: Down
[2m2024-11-25T00:57:03.237492Z[0m [34mDEBUG[0m [2matac::tui::events[0m[2m:[0m Key pressed: Down
[2m2024-11-25T00:57:03.238192Z[0m [34mDEBUG[0m [2matac::tui::events[0m[2m:[0m Key pressed: Down
[2m2024-11-25T00:57:03.238867Z[0m [34mDEBUG[0m [2matac::tui::events[0m[2m:[0m Key pressed: Down
[2m2024-11-25T00:57:03.239477Z[0m [34mDEBUG[0m [2matac::tui::events[0m[2m:[0m Key pressed: Down
[2m2024-11-25T00:57:05.360003Z[0m [34mDEBUG[0m [2matac::tui::events[0m[2m:[0m Key pressed: Down
[2m2024-11-25T00:57:05.846331Z[0m [34mDEBUG[0m [2matac::tui::events[0m[2m:[0m Key pressed: Down
[2m2024-11-25T00:57:06.023243Z[0m [34mDEBUG[0m [2matac::tui::events[0m[2m:[0m Key pressed: Down
[2m2024-11-25T00:57:06.205328Z[0m [34mDEBUG[0m [2matac::tui::events[0m[2m:[0m Key pressed: Down
[2m2024-11-25T00:57:06.379093Z[0m [34mDEBUG[0m [2matac::tui::events[0m[2m:[0m Key pressed: Down
[2m2024-11-25T00:57:06.552277Z[0m [34mDEBUG[0m [2matac::tui::events[0m[2m:[0m Key pressed: Down
[2m2024-11-25T00:57:07.495304Z[0m [34mDEBUG[0m [2matac::tui::events[0m[2m:[0m Key pressed: Esc
[2m2024-11-25T00:57:07.682152Z[0m [34mDEBUG[0m [2matac::tui::events[0m[2m:[0m Key pressed: Down
[2m2024-11-25T00:57:09.518458Z[0m [34mDEBUG[0m [2matac::tui::events[0m[2m:[0m Key pressed: Enter
[2m2024-11-25T00:57:10.587717Z[0m [34mDEBUG[0m [2matac::tui::events[0m[2m:[0m Key pressed: Space
[2m2024-11-25T00:57:10.587761Z[0m [32m INFO[0m [2matac::app::business_logic::request::send[0m[2m:[0m Sending request
[2m2024-11-25T00:57:10.587939Z[0m [34mDEBUG[0m [1mHTTP request[0m[1m{[0m[3mhttp.request.method[0m[2m=[0mPOST [3murl.scheme[0m[2m=[0mhttp [3mserver.address[0m[2m=[0mlocalhost [3mserver.port[0m[2m=[0m8080 [3muser_agent.original[0m[2m=[0mATAC/v0.18.1 [3motel.kind[0m[2m=[0m"client" [3motel.name[0m[2m=[0mPOST[1m}[0m[2m:[0m [2mreqwest::connect[0m[2m:[0m starting new connection: http://localhost:8080/    
[2m2024-11-25T00:57:10.588060Z[0m [34mDEBUG[0m [2mhyper_util::client::legacy::connect::dns[0m[2m:[0m resolving host="localhost"
[2m2024-11-25T00:57:10.589224Z[0m [34mDEBUG[0m [1mHTTP request[0m[1m{[0m[3mhttp.request.method[0m[2m=[0mPOST [3murl.scheme[0m[2m=[0mhttp [3mserver.address[0m[2m=[0mlocalhost [3mserver.port[0m[2m=[0m8080 [3muser_agent.original[0m[2m=[0mATAC/v0.18.1 [3motel.kind[0m[2m=[0m"client" [3motel.name[0m[2m=[0mPOST[1m}[0m[2m:[0m [2mhyper_util::client::legacy::connect::http[0m[2m:[0m connecting to [::1]:8080
[2m2024-11-25T00:57:10.589524Z[0m [34mDEBUG[0m [1mHTTP request[0m[1m{[0m[3mhttp.request.method[0m[2m=[0mPOST [3murl.scheme[0m[2m=[0mhttp [3mserver.address[0m[2m=[0mlocalhost [3mserver.port[0m[2m=[0m8080 [3muser_agent.original[0m[2m=[0mATAC/v0.18.1 [3motel.kind[0m[2m=[0m"client" [3motel.name[0m[2m=[0mPOST[1m}[0m[2m:[0m [2mhyper_util::client::legacy::connect::http[0m[2m:[0m connecting to 127.0.0.1:8080
[2m2024-11-25T00:57:10.589679Z[0m [34mDEBUG[0m [1mHTTP request[0m[1m{[0m[3mhttp.request.method[0m[2m=[0mPOST [3murl.scheme[0m[2m=[0mhttp [3mserver.address[0m[2m=[0mlocalhost [3mserver.port[0m[2m=[0m8080 [3muser_agent.original[0m[2m=[0mATAC/v0.18.1 [3motel.kind[0m[2m=[0m"client" [3motel.name[0m[2m=[0mPOST[1m}[0m[2m:[0m [2mhyper_util::client::legacy::connect::http[0m[2m:[0m connected to 127.0.0.1:8080
[2m2024-11-25T00:57:10.947910Z[0m [34mDEBUG[0m [1mHTTP request[0m[1m{[0m[3mhttp.request.method[0m[2m=[0mPOST [3murl.scheme[0m[2m=[0mhttp [3mserver.address[0m[2m=[0mlocalhost [3mserver.port[0m[2m=[0m8080 [3muser_agent.original[0m[2m=[0mATAC/v0.18.1 [3motel.kind[0m[2m=[0m"client" [3motel.name[0m[2m=[0mPOST[1m}[0m[2m:[0m [2mhyper_util::client::legacy::pool[0m[2m:[0m pooling idle connection for ("http", localhost:8080)
[2m2024-11-25T00:57:11.806360Z[0m [34mDEBUG[0m [2matac::tui::events[0m[2m:[0m Key pressed: Up
[2m2024-11-25T00:57:12.732588Z[0m [34mDEBUG[0m [2matac::tui::events[0m[2m:[0m Key pressed: Space
[2m2024-11-25T00:57:12.732651Z[0m [32m INFO[0m [2matac::app::business_logic::request::send[0m[2m:[0m Sending request
[2m2024-11-25T00:57:12.732815Z[0m [34mDEBUG[0m [1mHTTP request[0m[1m{[0m[3mhttp.request.method[0m[2m=[0mPOST [3murl.scheme[0m[2m=[0mhttp [3mserver.address[0m[2m=[0mlocalhost [3mserver.port[0m[2m=[0m8080 [3muser_agent.original[0m[2m=[0mATAC/v0.18.1 [3motel.kind[0m[2m=[0m"client" [3motel.name[0m[2m=[0mPOST[1m}[0m[2m:[0m [2mreqwest::connect[0m[2m:[0m starting new connection: http://localhost:8080/    
[2m2024-11-25T00:57:12.732941Z[0m [34mDEBUG[0m [2mhyper_util::client::legacy::connect::dns[0m[2m:[0m resolving host="localhost"
[2m2024-11-25T00:57:12.733978Z[0m [34mDEBUG[0m [1mHTTP request[0m[1m{[0m[3mhttp.request.method[0m[2m=[0mPOST [3murl.scheme[0m[2m=[0mhttp [3mserver.address[0m[2m=[0mlocalhost [3mserver.port[0m[2m=[0m8080 [3muser_agent.original[0m[2m=[0mATAC/v0.18.1 [3motel.kind[0m[2m=[0m"client" [3motel.name[0m[2m=[0mPOST[1m}[0m[2m:[0m [2mhyper_util::client::legacy::connect::http[0m[2m:[0m connecting to [::1]:8080
[2m2024-11-25T00:57:12.734210Z[0m [34mDEBUG[0m [1mHTTP request[0m[1m{[0m[3mhttp.request.method[0m[2m=[0mPOST [3murl.scheme[0m[2m=[0mhttp [3mserver.address[0m[2m=[0mlocalhost [3mserver.port[0m[2m=[0m8080 [3muser_agent.original[0m[2m=[0mATAC/v0.18.1 [3motel.kind[0m[2m=[0m"client" [3motel.name[0m[2m=[0mPOST[1m}[0m[2m:[0m [2mhyper_util::client::legacy::connect::http[0m[2m:[0m connecting to 127.0.0.1:8080
[2m2024-11-25T00:57:12.734387Z[0m [34mDEBUG[0m [1mHTTP request[0m[1m{[0m[3mhttp.request.method[0m[2m=[0mPOST [3murl.scheme[0m[2m=[0mhttp [3mserver.address[0m[2m=[0mlocalhost [3mserver.port[0m[2m=[0m8080 [3muser_agent.original[0m[2m=[0mATAC/v0.18.1 [3motel.kind[0m[2m=[0m"client" [3motel.name[0m[2m=[0mPOST[1m}[0m[2m:[0m [2mhyper_util::client::legacy::connect::http[0m[2m:[0m connected to 127.0.0.1:8080
[2m2024-11-25T00:57:13.116634Z[0m [34mDEBUG[0m [1mHTTP request[0m[1m{[0m[3mhttp.request.method[0m[2m=[0mPOST [3murl.scheme[0m[2m=[0mhttp [3mserver.address[0m[2m=[0mlocalhost [3mserver.port[0m[2m=[0m8080 [3muser_agent.original[0m[2m=[0mATAC/v0.18.1 [3motel.kind[0m[2m=[0m"client" [3motel.name[0m[2m=[0mPOST[1m}[0m[2m:[0m [2mhyper_util::client::legacy::pool[0m[2m:[0m pooling idle connection for ("http", localhost:8080)
[2m2024-11-25T00:57:14.171280Z[0m [34mDEBUG[0m [2matac::tui::events[0m[2m:[0m Key pressed: Esc
[2m2024-11-25T00:57:14.635318Z[0m [34mDEBUG[0m [2matac::tui::events[0m[2m:[0m Key pressed: Up
[2m2024-11-25T00:57:15.365547Z[0m [34mDEBUG[0m [2matac::tui::events[0m[2m:[0m Key pressed: Enter
[2m2024-11-25T00:57:15.963041Z[0m [34mDEBUG[0m [2matac::tui::events[0m[2m:[0m Key pressed: Space
[2m2024-11-25T00:57:15.963121Z[0m [32m INFO[0m [2matac::app::business_logic::request::send[0m[2m:[0m Sending request
[2m2024-11-25T00:57:15.963242Z[0m [34mDEBUG[0m [1mHTTP request[0m[1m{[0m[3mhttp.request.method[0m[2m=[0mGET [3murl.scheme[0m[2m=[0mhttp [3mserver.address[0m[2m=[0mlocalhost [3mserver.port[0m[2m=[0m8080 [3muser_agent.original[0m[2m=[0mATAC/v0.18.1 [3motel.kind[0m[2m=[0m"client" [3motel.name[0m[2m=[0mGET[1m}[0m[2m:[0m [2mreqwest::connect[0m[2m:[0m starting new connection: http://localhost:8080/    
[2m2024-11-25T00:57:15.963353Z[0m [34mDEBUG[0m [2mhyper_util::client::legacy::connect::dns[0m[2m:[0m resolving host="localhost"
[2m2024-11-25T00:57:15.964512Z[0m [34mDEBUG[0m [1mHTTP request[0m[1m{[0m[3mhttp.request.method[0m[2m=[0mGET [3murl.scheme[0m[2m=[0mhttp [3mserver.address[0m[2m=[0mlocalhost [3mserver.port[0m[2m=[0m8080 [3muser_agent.original[0m[2m=[0mATAC/v0.18.1 [3motel.kind[0m[2m=[0m"client" [3motel.name[0m[2m=[0mGET[1m}[0m[2m:[0m [2mhyper_util::client::legacy::connect::http[0m[2m:[0m connecting to [::1]:8080
[2m2024-11-25T00:57:15.964794Z[0m [34mDEBUG[0m [1mHTTP request[0m[1m{[0m[3mhttp.request.method[0m[2m=[0mGET [3murl.scheme[0m[2m=[0mhttp [3mserver.address[0m[2m=[0mlocalhost [3mserver.port[0m[2m=[0m8080 [3muser_agent.original[0m[2m=[0mATAC/v0.18.1 [3motel.kind[0m[2m=[0m"client" [3motel.name[0m[2m=[0mGET[1m}[0m[2m:[0m [2mhyper_util::client::legacy::connect::http[0m[2m:[0m connecting to 127.0.0.1:8080
[2m2024-11-25T00:57:15.965003Z[0m [34mDEBUG[0m [1mHTTP request[0m[1m{[0m[3mhttp.request.method[0m[2m=[0mGET [3murl.scheme[0m[2m=[0mhttp [3mserver.address[0m[2m=[0mlocalhost [3mserver.port[0m[2m=[0m8080 [3muser_agent.original[0m[2m=[0mATAC/v0.18.1 [3motel.kind[0m[2m=[0m"client" [3motel.name[0m[2m=[0mGET[1m}[0m[2m:[0m [2mhyper_util::client::legacy::connect::http[0m[2m:[0m connected to 127.0.0.1:8080
[2m2024-11-25T00:57:15.966690Z[0m [34mDEBUG[0m [1mHTTP request[0m[1m{[0m[3mhttp.request.method[0m[2m=[0mGET [3murl.scheme[0m[2m=[0mhttp [3mserver.address[0m[2m=[0mlocalhost [3mserver.port[0m[2m=[0m8080 [3muser_agent.original[0m[2m=[0mATAC/v0.18.1 [3motel.kind[0m[2m=[0m"client" [3motel.name[0m[2m=[0mGET[1m}[0m[2m:[0m [2mhyper_util::client::legacy::pool[0m[2m:[0m pooling idle connection for ("http", localhost:8080)
[2m2024-11-25T00:57:17.585001Z[0m [34mDEBUG[0m [2matac::tui::events[0m[2m:[0m Key pressed: Down
[2m2024-11-25T00:57:17.588392Z[0m [34mDEBUG[0m [2matac::tui::events[0m[2m:[0m Key pressed: Down
[2m2024-11-25T00:57:17.591798Z[0m [34mDEBUG[0m [2matac::tui::events[0m[2m:[0m Key pressed: Down
[2m2024-11-25T00:57:17.595055Z[0m [34mDEBUG[0m [2matac::tui::events[0m[2m:[0m Key pressed: Down
[2m2024-11-25T00:57:17.598344Z[0m [34mDEBUG[0m [2matac::tui::events[0m[2m:[0m Key pressed: Down
[2m2024-11-25T00:58:41.744753Z[0m [34mDEBUG[0m [2matac::tui::events[0m[2m:[0m Key pressed: Down
[2m2024-11-25T00:58:42.031054Z[0m [34mDEBUG[0m [2matac::tui::events[0m[2m:[0m Key pressed: Up
[2m2024-11-25T00:58:42.933265Z[0m [34mDEBUG[0m [2matac::tui::events[0m[2m:[0m Key pressed: Esc
[2m2024-11-25T00:58:43.288393Z[0m [34mDEBUG[0m [2matac::tui::events[0m[2m:[0m Key pressed: Up
[2m2024-11-25T00:58:43.612147Z[0m [34mDEBUG[0m [2matac::tui::events[0m[2m:[0m Key pressed: Down
[2m2024-11-25T00:58:45.557454Z[0m [34mDEBUG[0m [2matac::tui::events[0m[2m:[0m Key pressed: Enter
[2m2024-11-25T00:58:48.920656Z[0m [34mDEBUG[0m [2matac::tui::events[0m[2m:[0m Key pressed: Right
[2m2024-11-25T00:58:49.207453Z[0m [34mDEBUG[0m [2matac::tui::events[0m[2m:[0m Key pressed: Right
[2m2024-11-25T00:58:49.495507Z[0m [34mDEBUG[0m [2matac::tui::events[0m[2m:[0m Key pressed: Right
[2m2024-11-25T00:58:49.717013Z[0m [34mDEBUG[0m [2matac::tui::events[0m[2m:[0m Key pressed: Right
[2m2024-11-25T00:58:49.913393Z[0m [34mDEBUG[0m [2matac::tui::events[0m[2m:[0m Key pressed: Right
[2m2024-11-25T00:58:50.104180Z[0m [34mDEBUG[0m [2matac::tui::events[0m[2m:[0m Key pressed: Right
[2m2024-11-25T00:58:50.396328Z[0m [34mDEBUG[0m [2matac::tui::events[0m[2m:[0m Key pressed: Down
[2m2024-11-25T00:58:51.483963Z[0m [34mDEBUG[0m [2matac::tui::events[0m[2m:[0m Key pressed: Up
[2m2024-11-25T00:58:52.696052Z[0m [34mDEBUG[0m [2matac::tui::events[0m[2m:[0m Key pressed: Down
[2m2024-11-25T00:58:53.106031Z[0m [34mDEBUG[0m [2matac::tui::events[0m[2m:[0m Key pressed: Up
[2m2024-11-25T00:58:53.412301Z[0m [34mDEBUG[0m [2matac::tui::events[0m[2m:[0m Key pressed: Down
[2m2024-11-25T00:59:10.317166Z[0m [34mDEBUG[0m [2matac::tui::events[0m[2m:[0m Key pressed: Tab
[2m2024-11-25T00:59:10.531492Z[0m [34mDEBUG[0m [2matac::tui::events[0m[2m:[0m Key pressed: Tab
[2m2024-11-25T00:59:10.745768Z[0m [34mDEBUG[0m [2matac::tui::events[0m[2m:[0m Key pressed: Tab
[2m2024-11-25T00:59:12.272128Z[0m [32m INFO[0m [2matac::tui::tui_logic::request::body[0m[2m:[0m Body content-type set to "Multipart"
[2m2024-11-25T00:59:12.272181Z[0m [32m INFO[0m [2matac::app::files::collection[0m[2m:[0m Saving collection "HTTP Methods"
[2m2024-11-25T00:59:12.272755Z[0m [34mDEBUG[0m [2matac::tui::events[0m[2m:[0m Key pressed: Ctrl-b
[2m2024-11-25T00:59:12.882400Z[0m [32m INFO[0m [2matac::tui::tui_logic::request::body[0m[2m:[0m Body content-type set to "Form"
[2m2024-11-25T00:59:12.882464Z[0m [32m INFO[0m [2matac::app::files::collection[0m[2m:[0m Saving collection "HTTP Methods"
[2m2024-11-25T00:59:12.882930Z[0m [34mDEBUG[0m [2matac::tui::events[0m[2m:[0m Key pressed: Ctrl-b
[2m2024-11-25T00:59:13.132977Z[0m [32m INFO[0m [2matac::tui::tui_logic::request::body[0m[2m:[0m Body content-type set to "File"
[2m2024-11-25T00:59:13.133000Z[0m [32m INFO[0m [2matac::app::files::collection[0m[2m:[0m Saving collection "HTTP Methods"
[2m2024-11-25T00:59:13.133152Z[0m [34mDEBUG[0m [2matac::tui::events[0m[2m:[0m Key pressed: Ctrl-b
[2m2024-11-25T00:59:13.360887Z[0m [32m INFO[0m [2matac::tui::tui_logic::request::body[0m[2m:[0m Body content-type set to "Text"
[2m2024-11-25T00:59:13.360929Z[0m [32m INFO[0m [2matac::app::files::collection[0m[2m:[0m Saving collection "HTTP Methods"
[2m2024-11-25T00:59:13.361114Z[0m [34mDEBUG[0m [2matac::tui::events[0m[2m:[0m Key pressed: Ctrl-b
[2m2024-11-25T00:59:13.639418Z[0m [32m INFO[0m [2matac::tui::tui_logic::request::body[0m[2m:[0m Body content-type set to "JSON"
[2m2024-11-25T00:59:13.639481Z[0m [32m INFO[0m [2matac::app::files::collection[0m[2m:[0m Saving collection "HTTP Methods"
[2m2024-11-25T00:59:13.639945Z[0m [34mDEBUG[0m [2matac::tui::events[0m[2m:[0m Key pressed: Ctrl-b
[2m2024-11-25T00:59:13.917402Z[0m [32m INFO[0m [2matac::tui::tui_logic::request::body[0m[2m:[0m Body content-type set to "XML"
[2m2024-11-25T00:59:13.917466Z[0m [32m INFO[0m [2matac::app::files::collection[0m[2m:[0m Saving collection "HTTP Methods"
[2m2024-11-25T00:59:13.917923Z[0m [34mDEBUG[0m [2matac::tui::events[0m[2m:[0m Key pressed: Ctrl-b
[2m2024-11-25T00:59:14.229349Z[0m [32m INFO[0m [2matac::tui::tui_logic::request::body[0m[2m:[0m Body content-type set to "HTML"
[2m2024-11-25T00:59:14.229416Z[0m [32m INFO[0m [2matac::app::files::collection[0m[2m:[0m Saving collection "HTTP Methods"
[2m2024-11-25T00:59:14.230121Z[0m [34mDEBUG[0m [2matac::tui::events[0m[2m:[0m Key pressed: Ctrl-b
[2m2024-11-25T00:59:14.363291Z[0m [32m INFO[0m [2matac::tui::tui_logic::request::body[0m[2m:[0m Body content-type set to "Javascript"
[2m2024-11-25T00:59:14.363355Z[0m [32m INFO[0m [2matac::app::files::collection[0m[2m:[0m Saving collection "HTTP Methods"
[2m2024-11-25T00:59:14.363795Z[0m [34mDEBUG[0m [2matac::tui::events[0m[2m:[0m Key pressed: Ctrl-b
[2m2024-11-25T00:59:14.488056Z[0m [32m INFO[0m [2matac::tui::tui_logic::request::body[0m[2m:[0m Body content-type set to "No Body"
[2m2024-11-25T00:59:14.488219Z[0m [32m INFO[0m [2matac::app::files::collection[0m[2m:[0m Saving collection "HTTP Methods"
[2m2024-11-25T00:59:14.488701Z[0m [34mDEBUG[0m [2matac::tui::events[0m[2m:[0m Key pressed: Ctrl-b
[2m2024-11-25T00:59:14.787736Z[0m [32m INFO[0m [2matac::tui::tui_logic::request::body[0m[2m:[0m Body content-type set to "Multipart"
[2m2024-11-25T00:59:14.787789Z[0m [32m INFO[0m [2matac::app::files::collection[0m[2m:[0m Saving collection "HTTP Methods"
[2m2024-11-25T00:59:14.788250Z[0m [34mDEBUG[0m [2matac::tui::events[0m[2m:[0m Key pressed: Ctrl-b
[2m2024-11-25T00:59:14.951632Z[0m [32m INFO[0m [2matac::tui::tui_logic::request::body[0m[2m:[0m Body content-type set to "Form"
[2m2024-11-25T00:59:14.951695Z[0m [32m INFO[0m [2matac::app::files::collection[0m[2m:[0m Saving collection "HTTP Methods"
[2m2024-11-25T00:59:14.952142Z[0m [34mDEBUG[0m [2matac::tui::events[0m[2m:[0m Key pressed: Ctrl-b
[2m2024-11-25T00:59:15.088296Z[0m [32m INFO[0m [2matac::tui::tui_logic::request::body[0m[2m:[0m Body content-type set to "File"
[2m2024-11-25T00:59:15.088358Z[0m [32m INFO[0m [2matac::app::files::collection[0m[2m:[0m Saving collection "HTTP Methods"
[2m2024-11-25T00:59:15.088794Z[0m [34mDEBUG[0m [2matac::tui::events[0m[2m:[0m Key pressed: Ctrl-b
[2m2024-11-25T00:59:15.461903Z[0m [32m INFO[0m [2matac::tui::tui_logic::request::body[0m[2m:[0m Body content-type set to "Text"
[2m2024-11-25T00:59:15.461925Z[0m [32m INFO[0m [2matac::app::files::collection[0m[2m:[0m Saving collection "HTTP Methods"
[2m2024-11-25T00:59:15.462051Z[0m [34mDEBUG[0m [2matac::tui::events[0m[2m:[0m Key pressed: Ctrl-b
[2m2024-11-25T00:59:15.771340Z[0m [32m INFO[0m [2matac::tui::tui_logic::request::body[0m[2m:[0m Body content-type set to "JSON"
[2m2024-11-25T00:59:15.771405Z[0m [32m INFO[0m [2matac::app::files::collection[0m[2m:[0m Saving collection "HTTP Methods"
[2m2024-11-25T00:59:15.771884Z[0m [34mDEBUG[0m [2matac::tui::events[0m[2m:[0m Key pressed: Ctrl-b
[2m2024-11-25T00:59:17.840471Z[0m [34mDEBUG[0m [2matac::tui::events[0m[2m:[0m Key pressed: Enter
[2m2024-11-25T00:59:21.371292Z[0m [34mDEBUG[0m [2matac::tui::events[0m[2m:[0m Key pressed: Enter
[2m2024-11-25T00:59:22.059654Z[0m [34mDEBUG[0m [2matac::tui::events[0m[2m:[0m Key pressed: Backspace
[2m2024-11-25T00:59:22.172833Z[0m [34mDEBUG[0m [2matac::tui::events[0m[2m:[0m Key pressed: Backspace
[2m2024-11-25T00:59:23.196305Z[0m [34mDEBUG[0m [2matac::tui::events[0m[2m:[0m Key pressed: Tab
[2m2024-11-25T00:59:23.864471Z[0m [34mDEBUG[0m [2matac::tui::events[0m[2m:[0m Key pressed: Backspace
[2m2024-11-25T00:59:23.991466Z[0m [34mDEBUG[0m [2matac::tui::events[0m[2m:[0m Key pressed: Backspace
[2m2024-11-25T00:59:24.164448Z[0m [34mDEBUG[0m [2matac::tui::events[0m[2m:[0m Key pressed: Esc
[2m2024-11-25T00:59:24.575062Z[0m [34mDEBUG[0m [2matac::tui::events[0m[2m:[0m Key pressed: Tab
[2m2024-11-25T00:59:25.317262Z[0m [34mDEBUG[0m [2matac::tui::events[0m[2m:[0m Key pressed: Tab
[2m2024-11-25T00:59:25.800503Z[0m [34mDEBUG[0m [2matac::tui::events[0m[2m:[0m Key pressed: Tab
[2m2024-11-25T00:59:26.005339Z[0m [34mDEBUG[0m [2matac::tui::events[0m[2m:[0m Key pressed: Tab
[2m2024-11-25T00:59:26.187938Z[0m [34mDEBUG[0m [2matac::tui::events[0m[2m:[0m Key pressed: Tab
[2m2024-11-25T00:59:26.424446Z[0m [34mDEBUG[0m [2matac::tui::events[0m[2m:[0m Key pressed: Tab
[2m2024-11-25T00:59:26.702067Z[0m [34mDEBUG[0m [2matac::tui::events[0m[2m:[0m Key pressed: Tab
[2m2024-11-25T00:59:27.094041Z[0m [34mDEBUG[0m [2matac::tui::events[0m[2m:[0m Key pressed: Tab
[2m2024-11-25T00:59:28.485025Z[0m [34mDEBUG[0m [2matac::tui::events[0m[2m:[0m Key pressed: Space
[2m2024-11-25T00:59:28.485101Z[0m [32m INFO[0m [2matac::app::business_logic::request::send[0m[2m:[0m Sending request
[2m2024-11-25T00:59:28.485277Z[0m [34mDEBUG[0m [1mHTTP request[0m[1m{[0m[3mhttp.request.method[0m[2m=[0mGET [3murl.scheme[0m[2m=[0mhttp [3mserver.address[0m[2m=[0mlocalhost [3mserver.port[0m[2m=[0m8080 [3muser_agent.original[0m[2m=[0mATAC/v0.18.1 [3motel.kind[0m[2m=[0m"client" [3motel.name[0m[2m=[0mGET[1m}[0m[2m:[0m [2mreqwest::connect[0m[2m:[0m starting new connection: http://localhost:8080/    
[2m2024-11-25T00:59:28.485538Z[0m [34mDEBUG[0m [2mhyper_util::client::legacy::connect::dns[0m[2m:[0m resolving host="localhost"
[2m2024-11-25T00:59:28.486767Z[0m [34mDEBUG[0m [1mHTTP request[0m[1m{[0m[3mhttp.request.method[0m[2m=[0mGET [3murl.scheme[0m[2m=[0mhttp [3mserver.address[0m[2m=[0mlocalhost [3mserver.port[0m[2m=[0m8080 [3muser_agent.original[0m[2m=[0mATAC/v0.18.1 [3motel.kind[0m[2m=[0m"client" [3motel.name[0m[2m=[0mGET[1m}[0m[2m:[0m [2mhyper_util::client::legacy::connect::http[0m[2m:[0m connecting to [::1]:8080
[2m2024-11-25T00:59:28.487055Z[0m [34mDEBUG[0m [1mHTTP request[0m[1m{[0m[3mhttp.request.method[0m[2m=[0mGET [3murl.scheme[0m[2m=[0mhttp [3mserver.address[0m[2m=[0mlocalhost [3mserver.port[0m[2m=[0m8080 [3muser_agent.original[0m[2m=[0mATAC/v0.18.1 [3motel.kind[0m[2m=[0m"client" [3motel.name[0m[2m=[0mGET[1m}[0m[2m:[0m [2mhyper_util::client::legacy::connect::http[0m[2m:[0m connecting to 127.0.0.1:8080
[2m2024-11-25T00:59:28.487268Z[0m [34mDEBUG[0m [1mHTTP request[0m[1m{[0m[3mhttp.request.method[0m[2m=[0mGET [3murl.scheme[0m[2m=[0mhttp [3mserver.address[0m[2m=[0mlocalhost [3mserver.port[0m[2m=[0m8080 [3muser_agent.original[0m[2m=[0mATAC/v0.18.1 [3motel.kind[0m[2m=[0m"client" [3motel.name[0m[2m=[0mGET[1m}[0m[2m:[0m [2mhyper_util::client::legacy::connect::http[0m[2m:[0m connected to 127.0.0.1:8080
[2m2024-11-25T00:59:28.488893Z[0m [34mDEBUG[0m [1mHTTP request[0m[1m{[0m[3mhttp.request.method[0m[2m=[0mGET [3murl.scheme[0m[2m=[0mhttp [3mserver.address[0m[2m=[0mlocalhost [3mserver.port[0m[2m=[0m8080 [3muser_agent.original[0m[2m=[0mATAC/v0.18.1 [3motel.kind[0m[2m=[0m"client" [3motel.name[0m[2m=[0mGET[1m}[0m[2m:[0m [2mhyper_util::client::legacy::pool[0m[2m:[0m pooling idle connection for ("http", localhost:8080)
[2m2024-11-25T00:59:30.989896Z[0m [34mDEBUG[0m [2matac::tui::events[0m[2m:[0m Key pressed: Down
[2m2024-11-25T00:59:31.833392Z[0m [34mDEBUG[0m [2matac::tui::events[0m[2m:[0m Key pressed: Esc
[2m2024-11-25T00:59:31.921652Z[0m [34mDEBUG[0m [2matac::tui::events[0m[2m:[0m Key pressed: Down
[2m2024-11-25T00:59:33.733185Z[0m [34mDEBUG[0m [2matac::tui::events[0m[2m:[0m Key pressed: Enter
[2m2024-11-25T00:59:34.075058Z[0m [34mDEBUG[0m [2matac::tui::events[0m[2m:[0m Key pressed: Space
[2m2024-11-25T00:59:34.075106Z[0m [32m INFO[0m [2matac::app::business_logic::request::send[0m[2m:[0m Sending request
[2m2024-11-25T00:59:34.075276Z[0m [34mDEBUG[0m [1mHTTP request[0m[1m{[0m[3mhttp.request.method[0m[2m=[0mPOST [3murl.scheme[0m[2m=[0mhttp [3mserver.address[0m[2m=[0mlocalhost [3mserver.port[0m[2m=[0m8080 [3muser_agent.original[0m[2m=[0mATAC/v0.18.1 [3motel.kind[0m[2m=[0m"client" [3motel.name[0m[2m=[0mPOST[1m}[0m[2m:[0m [2mreqwest::connect[0m[2m:[0m starting new connection: http://localhost:8080/    
[2m2024-11-25T00:59:34.075417Z[0m [34mDEBUG[0m [2mhyper_util::client::legacy::connect::dns[0m[2m:[0m resolving host="localhost"
[2m2024-11-25T00:59:34.076616Z[0m [34mDEBUG[0m [1mHTTP request[0m[1m{[0m[3mhttp.request.method[0m[2m=[0mPOST [3murl.scheme[0m[2m=[0mhttp [3mserver.address[0m[2m=[0mlocalhost [3mserver.port[0m[2m=[0m8080 [3muser_agent.original[0m[2m=[0mATAC/v0.18.1 [3motel.kind[0m[2m=[0m"client" [3motel.name[0m[2m=[0mPOST[1m}[0m[2m:[0m [2mhyper_util::client::legacy::connect::http[0m[2m:[0m connecting to [::1]:8080
[2m2024-11-25T00:59:34.076897Z[0m [34mDEBUG[0m [1mHTTP request[0m[1m{[0m[3mhttp.request.method[0m[2m=[0mPOST [3murl.scheme[0m[2m=[0mhttp [3mserver.address[0m[2m=[0mlocalhost [3mserver.port[0m[2m=[0m8080 [3muser_agent.original[0m[2m=[0mATAC/v0.18.1 [3motel.kind[0m[2m=[0m"client" [3motel.name[0m[2m=[0mPOST[1m}[0m[2m:[0m [2mhyper_util::client::legacy::connect::http[0m[2m:[0m connecting to 127.0.0.1:8080
[2m2024-11-25T00:59:34.077134Z[0m [34mDEBUG[0m [1mHTTP request[0m[1m{[0m[3mhttp.request.method[0m[2m=[0mPOST [3murl.scheme[0m[2m=[0mhttp [3mserver.address[0m[2m=[0mlocalhost [3mserver.port[0m[2m=[0m8080 [3muser_agent.original[0m[2m=[0mATAC/v0.18.1 [3motel.kind[0m[2m=[0m"client" [3motel.name[0m[2m=[0mPOST[1m}[0m[2m:[0m [2mhyper_util::client::legacy::connect::http[0m[2m:[0m connected to 127.0.0.1:8080
[2m2024-11-25T00:59:34.470739Z[0m [34mDEBUG[0m [1mHTTP request[0m[1m{[0m[3mhttp.request.method[0m[2m=[0mPOST [3murl.scheme[0m[2m=[0mhttp [3mserver.address[0m[2m=[0mlocalhost [3mserver.port[0m[2m=[0m8080 [3muser_agent.original[0m[2m=[0mATAC/v0.18.1 [3motel.kind[0m[2m=[0m"client" [3motel.name[0m[2m=[0mPOST[1m}[0m[2m:[0m [2mhyper_util::client::legacy::pool[0m[2m:[0m pooling idle connection for ("http", localhost:8080)
[2m2024-11-25T00:59:34.996469Z[0m [34mDEBUG[0m [2matac::tui::events[0m[2m:[0m Key pressed: Esc
[2m2024-11-25T00:59:35.852430Z[0m [34mDEBUG[0m [2matac::tui::events[0m[2m:[0m Key pressed: Up
[2m2024-11-25T00:59:36.207106Z[0m [34mDEBUG[0m [2matac::tui::events[0m[2m:[0m Key pressed: Enter
[2m2024-11-25T00:59:37.000172Z[0m [34mDEBUG[0m [2matac::tui::events[0m[2m:[0m Key pressed: Space
[2m2024-11-25T00:59:37.000214Z[0m [32m INFO[0m [2matac::app::business_logic::request::send[0m[2m:[0m Sending request
[2m2024-11-25T00:59:37.000410Z[0m [34mDEBUG[0m [1mHTTP request[0m[1m{[0m[3mhttp.request.method[0m[2m=[0mGET [3murl.scheme[0m[2m=[0mhttp [3mserver.address[0m[2m=[0mlocalhost [3mserver.port[0m[2m=[0m8080 [3muser_agent.original[0m[2m=[0mATAC/v0.18.1 [3motel.kind[0m[2m=[0m"client" [3motel.name[0m[2m=[0mGET[1m}[0m[2m:[0m [2mreqwest::connect[0m[2m:[0m starting new connection: http://localhost:8080/    
[2m2024-11-25T00:59:37.000533Z[0m [34mDEBUG[0m [2mhyper_util::client::legacy::connect::dns[0m[2m:[0m resolving host="localhost"
[2m2024-11-25T00:59:37.001821Z[0m [34mDEBUG[0m [1mHTTP request[0m[1m{[0m[3mhttp.request.method[0m[2m=[0mGET [3murl.scheme[0m[2m=[0mhttp [3mserver.address[0m[2m=[0mlocalhost [3mserver.port[0m[2m=[0m8080 [3muser_agent.original[0m[2m=[0mATAC/v0.18.1 [3motel.kind[0m[2m=[0m"client" [3motel.name[0m[2m=[0mGET[1m}[0m[2m:[0m [2mhyper_util::client::legacy::connect::http[0m[2m:[0m connecting to [::1]:8080
[2m2024-11-25T00:59:37.002094Z[0m [34mDEBUG[0m [1mHTTP request[0m[1m{[0m[3mhttp.request.method[0m[2m=[0mGET [3murl.scheme[0m[2m=[0mhttp [3mserver.address[0m[2m=[0mlocalhost [3mserver.port[0m[2m=[0m8080 [3muser_agent.original[0m[2m=[0mATAC/v0.18.1 [3motel.kind[0m[2m=[0m"client" [3motel.name[0m[2m=[0mGET[1m}[0m[2m:[0m [2mhyper_util::client::legacy::connect::http[0m[2m:[0m connecting to 127.0.0.1:8080
[2m2024-11-25T00:59:37.002296Z[0m [34mDEBUG[0m [1mHTTP request[0m[1m{[0m[3mhttp.request.method[0m[2m=[0mGET [3murl.scheme[0m[2m=[0mhttp [3mserver.address[0m[2m=[0mlocalhost [3mserver.port[0m[2m=[0m8080 [3muser_agent.original[0m[2m=[0mATAC/v0.18.1 [3motel.kind[0m[2m=[0m"client" [3motel.name[0m[2m=[0mGET[1m}[0m[2m:[0m [2mhyper_util::client::legacy::connect::http[0m[2m:[0m connected to 127.0.0.1:8080
[2m2024-11-25T00:59:37.003893Z[0m [34mDEBUG[0m [1mHTTP request[0m[1m{[0m[3mhttp.request.method[0m[2m=[0mGET [3murl.scheme[0m[2m=[0mhttp [3mserver.address[0m[2m=[0mlocalhost [3mserver.port[0m[2m=[0m8080 [3muser_agent.original[0m[2m=[0mATAC/v0.18.1 [3motel.kind[0m[2m=[0m"client" [3motel.name[0m[2m=[0mGET[1m}[0m[2m:[0m [2mhyper_util::client::legacy::pool[0m[2m:[0m pooling idle connection for ("http", localhost:8080)
[2m2024-11-25T00:59:38.285458Z[0m [34mDEBUG[0m [2matac::tui::events[0m[2m:[0m Key pressed: Down
[2m2024-11-25T00:59:38.646573Z[0m [34mDEBUG[0m [2matac::tui::events[0m[2m:[0m Key pressed: Esc
[2m2024-11-25T00:59:38.859457Z[0m [34mDEBUG[0m [2matac::tui::events[0m[2m:[0m Key pressed: Down
[2m2024-11-25T00:59:39.182301Z[0m [34mDEBUG[0m [2matac::tui::events[0m[2m:[0m Key pressed: Enter
[2m2024-11-25T00:59:40.198138Z[0m [34mDEBUG[0m [2matac::tui::events[0m[2m:[0m Key pressed: Space
[2m2024-11-25T00:59:40.198184Z[0m [32m INFO[0m [2matac::app::business_logic::request::send[0m[2m:[0m Sending request
[2m2024-11-25T00:59:40.198242Z[0m [34mDEBUG[0m [1mHTTP request[0m[1m{[0m[3mhttp.request.method[0m[2m=[0mPOST [3murl.scheme[0m[2m=[0mhttp [3mserver.address[0m[2m=[0mlocalhost [3mserver.port[0m[2m=[0m8080 [3muser_agent.original[0m[2m=[0mATAC/v0.18.1 [3motel.kind[0m[2m=[0m"client" [3motel.name[0m[2m=[0mPOST[1m}[0m[2m:[0m [2mreqwest::connect[0m[2m:[0m starting new connection: http://localhost:8080/    
[2m2024-11-25T00:59:40.198271Z[0m [34mDEBUG[0m [2mhyper_util::client::legacy::connect::dns[0m[2m:[0m resolving host="localhost"
[2m2024-11-25T00:59:40.198755Z[0m [34mDEBUG[0m [1mHTTP request[0m[1m{[0m[3mhttp.request.method[0m[2m=[0mPOST [3murl.scheme[0m[2m=[0mhttp [3mserver.address[0m[2m=[0mlocalhost [3mserver.port[0m[2m=[0m8080 [3muser_agent.original[0m[2m=[0mATAC/v0.18.1 [3motel.kind[0m[2m=[0m"client" [3motel.name[0m[2m=[0mPOST[1m}[0m[2m:[0m [2mhyper_util::client::legacy::connect::http[0m[2m:[0m connecting to [::1]:8080
[2m2024-11-25T00:59:40.198883Z[0m [34mDEBUG[0m [1mHTTP request[0m[1m{[0m[3mhttp.request.method[0m[2m=[0mPOST [3murl.scheme[0m[2m=[0mhttp [3mserver.address[0m[2m=[0mlocalhost [3mserver.port[0m[2m=[0m8080 [3muser_agent.original[0m[2m=[0mATAC/v0.18.1 [3motel.kind[0m[2m=[0m"client" [3motel.name[0m[2m=[0mPOST[1m}[0m[2m:[0m [2mhyper_util::client::legacy::connect::http[0m[2m:[0m connecting to 127.0.0.1:8080
[2m2024-11-25T00:59:40.198952Z[0m [34mDEBUG[0m [1mHTTP request[0m[1m{[0m[3mhttp.request.method[0m[2m=[0mPOST [3murl.scheme[0m[2m=[0mhttp [3mserver.address[0m[2m=[0mlocalhost [3mserver.port[0m[2m=[0m8080 [3muser_agent.original[0m[2m=[0mATAC/v0.18.1 [3motel.kind[0m[2m=[0m"client" [3motel.name[0m[2m=[0mPOST[1m}[0m[2m:[0m [2mhyper_util::client::legacy::connect::http[0m[2m:[0m connected to 127.0.0.1:8080
[2m2024-11-25T00:59:40.574103Z[0m [34mDEBUG[0m [1mHTTP request[0m[1m{[0m[3mhttp.request.method[0m[2m=[0mPOST [3murl.scheme[0m[2m=[0mhttp [3mserver.address[0m[2m=[0mlocalhost [3mserver.port[0m[2m=[0m8080 [3muser_agent.original[0m[2m=[0mATAC/v0.18.1 [3motel.kind[0m[2m=[0m"client" [3motel.name[0m[2m=[0mPOST[1m}[0m[2m:[0m [2mhyper_util::client::legacy::pool[0m[2m:[0m pooling idle connection for ("http", localhost:8080)
[2m2024-11-25T00:59:41.559456Z[0m [34mDEBUG[0m [2matac::tui::events[0m[2m:[0m Key pressed: Esc
[2m2024-11-25T00:59:41.833309Z[0m [34mDEBUG[0m [2matac::tui::events[0m[2m:[0m Key pressed: Up
[2m2024-11-25T00:59:42.178951Z[0m [34mDEBUG[0m [2matac::tui::events[0m[2m:[0m Key pressed: Enter
[2m2024-11-25T00:59:51.838123Z[0m [34mDEBUG[0m [2matac::tui::events[0m[2m:[0m Key pressed: Enter
[2m2024-11-25T00:59:57.421829Z[0m [34mDEBUG[0m [2matac::tui::events[0m[2m:[0m Key pressed: Space
[2m2024-11-25T00:59:57.421838Z[0m [32m INFO[0m [2matac::app::business_logic::request::send[0m[2m:[0m Sending request
[2m2024-11-25T00:59:57.421913Z[0m [34mDEBUG[0m [1mHTTP request[0m[1m{[0m[3mhttp.request.method[0m[2m=[0mGET [3murl.scheme[0m[2m=[0mhttp [3mserver.address[0m[2m=[0mlocalhost [3mserver.port[0m[2m=[0m8080 [3muser_agent.original[0m[2m=[0mATAC/v0.18.1 [3motel.kind[0m[2m=[0m"client" [3motel.name[0m[2m=[0mGET[1m}[0m[2m:[0m [2mreqwest::connect[0m[2m:[0m starting new connection: http://localhost:8080/    
[2m2024-11-25T00:59:57.421987Z[0m [34mDEBUG[0m [2mhyper_util::client::legacy::connect::dns[0m[2m:[0m resolving host="localhost"
[2m2024-11-25T00:59:57.422276Z[0m [34mDEBUG[0m [1mHTTP request[0m[1m{[0m[3mhttp.request.method[0m[2m=[0mGET [3murl.scheme[0m[2m=[0mhttp [3mserver.address[0m[2m=[0mlocalhost [3mserver.port[0m[2m=[0m8080 [3muser_agent.original[0m[2m=[0mATAC/v0.18.1 [3motel.kind[0m[2m=[0m"client" [3motel.name[0m[2m=[0mGET[1m}[0m[2m:[0m [2mhyper_util::client::legacy::connect::http[0m[2m:[0m connecting to [::1]:8080
[2m2024-11-25T00:59:57.422340Z[0m [34mDEBUG[0m [1mHTTP request[0m[1m{[0m[3mhttp.request.method[0m[2m=[0mGET [3murl.scheme[0m[2m=[0mhttp [3mserver.address[0m[2m=[0mlocalhost [3mserver.port[0m[2m=[0m8080 [3muser_agent.original[0m[2m=[0mATAC/v0.18.1 [3motel.kind[0m[2m=[0m"client" [3motel.name[0m[2m=[0mGET[1m}[0m[2m:[0m [2mhyper_util::client::legacy::connect::http[0m[2m:[0m connecting to 127.0.0.1:8080
[2m2024-11-25T00:59:57.422401Z[0m [34mDEBUG[0m [1mHTTP request[0m[1m{[0m[3mhttp.request.method[0m[2m=[0mGET [3murl.scheme[0m[2m=[0mhttp [3mserver.address[0m[2m=[0mlocalhost [3mserver.port[0m[2m=[0m8080 [3muser_agent.original[0m[2m=[0mATAC/v0.18.1 [3motel.kind[0m[2m=[0m"client" [3motel.name[0m[2m=[0mGET[1m}[0m[2m:[0m [2mhyper_util::client::legacy::connect::http[0m[2m:[0m connected to 127.0.0.1:8080
[2m2024-11-25T00:59:57.422892Z[0m [34mDEBUG[0m [1mHTTP request[0m[1m{[0m[3mhttp.request.method[0m[2m=[0mGET [3murl.scheme[0m[2m=[0mhttp [3mserver.address[0m[2m=[0mlocalhost [3mserver.port[0m[2m=[0m8080 [3muser_agent.original[0m[2m=[0mATAC/v0.18.1 [3motel.kind[0m[2m=[0m"client" [3motel.name[0m[2m=[0mGET[1m}[0m[2m:[0m [2mhyper_util::client::legacy::pool[0m[2m:[0m pooling idle connection for ("http", localhost:8080)
[2m2024-11-25T01:00:01.214158Z[0m [34mDEBUG[0m [2matac::tui::events[0m[2m:[0m Key pressed: Down
[2m2024-11-25T01:00:01.215339Z[0m [34mDEBUG[0m [2matac::tui::events[0m[2m:[0m Key pressed: Down
[2m2024-11-25T01:00:01.216385Z[0m [34mDEBUG[0m [2matac::tui::events[0m[2m:[0m Key pressed: Down
[2m2024-11-25T01:00:01.217440Z[0m [34mDEBUG[0m [2matac::tui::events[0m[2m:[0m Key pressed: Down
[2m2024-11-25T01:00:01.218483Z[0m [34mDEBUG[0m [2matac::tui::events[0m[2m:[0m Key pressed: Down
[2m2024-11-25T01:00:01.347020Z[0m [34mDEBUG[0m [2matac::tui::events[0m[2m:[0m Key pressed: Down
[2m2024-11-25T01:00:01.350410Z[0m [34mDEBUG[0m [2matac::tui::events[0m[2m:[0m Key pressed: Down
[2m2024-11-25T01:00:01.353672Z[0m [34mDEBUG[0m [2matac::tui::events[0m[2m:[0m Key pressed: Down
[2m2024-11-25T01:00:01.356915Z[0m [34mDEBUG[0m [2matac::tui::events[0m[2m:[0m Key pressed: Down
[2m2024-11-25T01:00:01.360121Z[0m [34mDEBUG[0m [2matac::tui::events[0m[2m:[0m Key pressed: Down
[2m2024-11-25T01:00:02.744508Z[0m [34mDEBUG[0m [2matac::tui::events[0m[2m:[0m Key pressed: Tab
[2m2024-11-25T01:00:03.254123Z[0m [34mDEBUG[0m [2matac::tui::events[0m[2m:[0m Key pressed: Tab
[2m2024-11-25T01:00:03.532540Z[0m [34mDEBUG[0m [2matac::tui::events[0m[2m:[0m Key pressed: Tab
[2m2024-11-25T01:00:04.101559Z[0m [34mDEBUG[0m [2matac::tui::events[0m[2m:[0m Key pressed: Tab
[2m2024-11-25T01:00:04.347447Z[0m [34mDEBUG[0m [2matac::tui::events[0m[2m:[0m Key pressed: Tab
[2m2024-11-25T01:00:04.530621Z[0m [34mDEBUG[0m [2matac::tui::events[0m[2m:[0m Key pressed: Tab
[2m2024-11-25T01:00:04.694606Z[0m [34mDEBUG[0m [2matac::tui::events[0m[2m:[0m Key pressed: Tab
[2m2024-11-25T01:00:04.849513Z[0m [34mDEBUG[0m [2matac::tui::events[0m[2m:[0m Key pressed: Tab
[2m2024-11-25T01:00:05.167564Z[0m [34mDEBUG[0m [2matac::tui::events[0m[2m:[0m Key pressed: Tab
[2m2024-11-25T01:07:54.444299Z[0m [34mDEBUG[0m [2matac::tui::events[0m[2m:[0m Key pressed: Down
[2m2024-11-25T01:07:55.451758Z[0m [34mDEBUG[0m [2matac::tui::events[0m[2m:[0m Key pressed: Esc
[2m2024-11-25T01:07:55.657897Z[0m [34mDEBUG[0m [2matac::tui::events[0m[2m:[0m Key pressed: Down
[2m2024-11-25T01:07:57.291702Z[0m [34mDEBUG[0m [2matac::tui::events[0m[2m:[0m Key pressed: Enter
[2m2024-11-25T01:07:57.878426Z[0m [34mDEBUG[0m [2matac::tui::events[0m[2m:[0m Key pressed: Space
[2m2024-11-25T01:07:57.878463Z[0m [32m INFO[0m [2matac::app::business_logic::request::send[0m[2m:[0m Sending request
[2m2024-11-25T01:07:57.878506Z[0m [34mDEBUG[0m [1mHTTP request[0m[1m{[0m[3mhttp.request.method[0m[2m=[0mPOST [3murl.scheme[0m[2m=[0mhttp [3mserver.address[0m[2m=[0mlocalhost [3mserver.port[0m[2m=[0m8080 [3muser_agent.original[0m[2m=[0mATAC/v0.18.1 [3motel.kind[0m[2m=[0m"client" [3motel.name[0m[2m=[0mPOST[1m}[0m[2m:[0m [2mreqwest::connect[0m[2m:[0m starting new connection: http://localhost:8080/    
[2m2024-11-25T01:07:57.878579Z[0m [34mDEBUG[0m [2mhyper_util::client::legacy::connect::dns[0m[2m:[0m resolving host="localhost"
[2m2024-11-25T01:07:57.878880Z[0m [34mDEBUG[0m [1mHTTP request[0m[1m{[0m[3mhttp.request.method[0m[2m=[0mPOST [3murl.scheme[0m[2m=[0mhttp [3mserver.address[0m[2m=[0mlocalhost [3mserver.port[0m[2m=[0m8080 [3muser_agent.original[0m[2m=[0mATAC/v0.18.1 [3motel.kind[0m[2m=[0m"client" [3motel.name[0m[2m=[0mPOST[1m}[0m[2m:[0m [2mhyper_util::client::legacy::connect::http[0m[2m:[0m connecting to [::1]:8080
[2m2024-11-25T01:07:57.878933Z[0m [34mDEBUG[0m [1mHTTP request[0m[1m{[0m[3mhttp.request.method[0m[2m=[0mPOST [3murl.scheme[0m[2m=[0mhttp [3mserver.address[0m[2m=[0mlocalhost [3mserver.port[0m[2m=[0m8080 [3muser_agent.original[0m[2m=[0mATAC/v0.18.1 [3motel.kind[0m[2m=[0m"client" [3motel.name[0m[2m=[0mPOST[1m}[0m[2m:[0m [2mhyper_util::client::legacy::connect::http[0m[2m:[0m connecting to 127.0.0.1:8080
[2m2024-11-25T01:07:57.879014Z[0m [34mDEBUG[0m [1mHTTP request[0m[1m{[0m[3mhttp.request.method[0m[2m=[0mPOST [3murl.scheme[0m[2m=[0mhttp [3mserver.address[0m[2m=[0mlocalhost [3mserver.port[0m[2m=[0m8080 [3muser_agent.original[0m[2m=[0mATAC/v0.18.1 [3motel.kind[0m[2m=[0m"client" [3motel.name[0m[2m=[0mPOST[1m}[0m[2m:[0m [2mhyper_util::client::legacy::connect::http[0m[2m:[0m connected to 127.0.0.1:8080
[2m2024-11-25T01:07:58.237241Z[0m [34mDEBUG[0m [1mHTTP request[0m[1m{[0m[3mhttp.request.method[0m[2m=[0mPOST [3murl.scheme[0m[2m=[0mhttp [3mserver.address[0m[2m=[0mlocalhost [3mserver.port[0m[2m=[0m8080 [3muser_agent.original[0m[2m=[0mATAC/v0.18.1 [3motel.kind[0m[2m=[0m"client" [3motel.name[0m[2m=[0mPOST[1m}[0m[2m:[0m [2mhyper_util::client::legacy::pool[0m[2m:[0m pooling idle connection for ("http", localhost:8080)
[2m2024-11-25T01:12:57.669224Z[0m [34mDEBUG[0m [2matac::tui::events[0m[2m:[0m Key pressed: Space
[2m2024-11-25T01:12:57.669262Z[0m [32m INFO[0m [2matac::app::business_logic::request::send[0m[2m:[0m Sending request
[2m2024-11-25T01:12:57.669310Z[0m [34mDEBUG[0m [1mHTTP request[0m[1m{[0m[3mhttp.request.method[0m[2m=[0mPOST [3murl.scheme[0m[2m=[0mhttp [3mserver.address[0m[2m=[0mlocalhost [3mserver.port[0m[2m=[0m8080 [3muser_agent.original[0m[2m=[0mATAC/v0.18.1 [3motel.kind[0m[2m=[0m"client" [3motel.name[0m[2m=[0mPOST[1m}[0m[2m:[0m [2mreqwest::connect[0m[2m:[0m starting new connection: http://localhost:8080/    
[2m2024-11-25T01:12:57.669407Z[0m [34mDEBUG[0m [2mhyper_util::client::legacy::connect::dns[0m[2m:[0m resolving host="localhost"
[2m2024-11-25T01:12:57.669767Z[0m [34mDEBUG[0m [1mHTTP request[0m[1m{[0m[3mhttp.request.method[0m[2m=[0mPOST [3murl.scheme[0m[2m=[0mhttp [3mserver.address[0m[2m=[0mlocalhost [3mserver.port[0m[2m=[0m8080 [3muser_agent.original[0m[2m=[0mATAC/v0.18.1 [3motel.kind[0m[2m=[0m"client" [3motel.name[0m[2m=[0mPOST[1m}[0m[2m:[0m [2mhyper_util::client::legacy::connect::http[0m[2m:[0m connecting to [::1]:8080
[2m2024-11-25T01:12:57.669904Z[0m [34mDEBUG[0m [1mHTTP request[0m[1m{[0m[3mhttp.request.method[0m[2m=[0mPOST [3murl.scheme[0m[2m=[0mhttp [3mserver.address[0m[2m=[0mlocalhost [3mserver.port[0m[2m=[0m8080 [3muser_agent.original[0m[2m=[0mATAC/v0.18.1 [3motel.kind[0m[2m=[0m"client" [3motel.name[0m[2m=[0mPOST[1m}[0m[2m:[0m [2mhyper_util::client::legacy::connect::http[0m[2m:[0m connecting to 127.0.0.1:8080
[2m2024-11-25T01:12:57.669967Z[0m [34mDEBUG[0m [1mHTTP request[0m[1m{[0m[3mhttp.request.method[0m[2m=[0mPOST [3murl.scheme[0m[2m=[0mhttp [3mserver.address[0m[2m=[0mlocalhost [3mserver.port[0m[2m=[0m8080 [3muser_agent.original[0m[2m=[0mATAC/v0.18.1 [3motel.kind[0m[2m=[0m"client" [3motel.name[0m[2m=[0mPOST[1m}[0m[2m:[0m [2mhyper_util::client::legacy::connect::http[0m[2m:[0m connected to 127.0.0.1:8080
[2m2024-11-25T01:12:58.021134Z[0m [34mDEBUG[0m [1mHTTP request[0m[1m{[0m[3mhttp.request.method[0m[2m=[0mPOST [3murl.scheme[0m[2m=[0mhttp [3mserver.address[0m[2m=[0mlocalhost [3mserver.port[0m[2m=[0m8080 [3muser_agent.original[0m[2m=[0mATAC/v0.18.1 [3motel.kind[0m[2m=[0m"client" [3motel.name[0m[2m=[0mPOST[1m}[0m[2m:[0m [2mhyper_util::client::legacy::pool[0m[2m:[0m pooling idle connection for ("http", localhost:8080)
[2m2024-11-25T01:13:02.601534Z[0m [34mDEBUG[0m [2matac::tui::events[0m[2m:[0m Key pressed: Esc
[2m2024-11-25T01:13:02.936392Z[0m [34mDEBUG[0m [2matac::tui::events[0m[2m:[0m Key pressed: Up
[2m2024-11-25T01:13:03.637233Z[0m [34mDEBUG[0m [2matac::tui::events[0m[2m:[0m Key pressed: Enter
[2m2024-11-25T01:13:04.019320Z[0m [34mDEBUG[0m [2matac::tui::events[0m[2m:[0m Key pressed: Space
[2m2024-11-25T01:13:04.019357Z[0m [32m INFO[0m [2matac::app::business_logic::request::send[0m[2m:[0m Sending request
[2m2024-11-25T01:13:04.019393Z[0m [34mDEBUG[0m [1mHTTP request[0m[1m{[0m[3mhttp.request.method[0m[2m=[0mGET [3murl.scheme[0m[2m=[0mhttp [3mserver.address[0m[2m=[0mlocalhost [3mserver.port[0m[2m=[0m8080 [3muser_agent.original[0m[2m=[0mATAC/v0.18.1 [3motel.kind[0m[2m=[0m"client" [3motel.name[0m[2m=[0mGET[1m}[0m[2m:[0m [2mreqwest::connect[0m[2m:[0m starting new connection: http://localhost:8080/    
[2m2024-11-25T01:13:04.019412Z[0m [34mDEBUG[0m [2mhyper_util::client::legacy::connect::dns[0m[2m:[0m resolving host="localhost"
[2m2024-11-25T01:13:04.019777Z[0m [34mDEBUG[0m [1mHTTP request[0m[1m{[0m[3mhttp.request.method[0m[2m=[0mGET [3murl.scheme[0m[2m=[0mhttp [3mserver.address[0m[2m=[0mlocalhost [3mserver.port[0m[2m=[0m8080 [3muser_agent.original[0m[2m=[0mATAC/v0.18.1 [3motel.kind[0m[2m=[0m"client" [3motel.name[0m[2m=[0mGET[1m}[0m[2m:[0m [2mhyper_util::client::legacy::connect::http[0m[2m:[0m connecting to [::1]:8080
[2m2024-11-25T01:13:04.019864Z[0m [34mDEBUG[0m [1mHTTP request[0m[1m{[0m[3mhttp.request.method[0m[2m=[0mGET [3murl.scheme[0m[2m=[0mhttp [3mserver.address[0m[2m=[0mlocalhost [3mserver.port[0m[2m=[0m8080 [3muser_agent.original[0m[2m=[0mATAC/v0.18.1 [3motel.kind[0m[2m=[0m"client" [3motel.name[0m[2m=[0mGET[1m}[0m[2m:[0m [2mhyper_util::client::legacy::connect::http[0m[2m:[0m connecting to 127.0.0.1:8080
[2m2024-11-25T01:13:04.019912Z[0m [34mDEBUG[0m [1mHTTP request[0m[1m{[0m[3mhttp.request.method[0m[2m=[0mGET [3murl.scheme[0m[2m=[0mhttp [3mserver.address[0m[2m=[0mlocalhost [3mserver.port[0m[2m=[0m8080 [3muser_agent.original[0m[2m=[0mATAC/v0.18.1 [3motel.kind[0m[2m=[0m"client" [3motel.name[0m[2m=[0mGET[1m}[0m[2m:[0m [2mhyper_util::client::legacy::connect::http[0m[2m:[0m connected to 127.0.0.1:8080
[2m2024-11-25T01:13:04.020455Z[0m [34mDEBUG[0m [1mHTTP request[0m[1m{[0m[3mhttp.request.method[0m[2m=[0mGET [3murl.scheme[0m[2m=[0mhttp [3mserver.address[0m[2m=[0mlocalhost [3mserver.port[0m[2m=[0m8080 [3muser_agent.original[0m[2m=[0mATAC/v0.18.1 [3motel.kind[0m[2m=[0m"client" [3motel.name[0m[2m=[0mGET[1m}[0m[2m:[0m [2mhyper_util::client::legacy::pool[0m[2m:[0m pooling idle connection for ("http", localhost:8080)
[2m2024-11-25T01:13:07.488092Z[0m [34mDEBUG[0m [2matac::tui::events[0m[2m:[0m Key pressed: Down
[2m2024-11-25T01:13:07.491652Z[0m [34mDEBUG[0m [2matac::tui::events[0m[2m:[0m Key pressed: Down
[2m2024-11-25T01:13:07.494983Z[0m [34mDEBUG[0m [2matac::tui::events[0m[2m:[0m Key pressed: Down
[2m2024-11-25T01:13:07.498352Z[0m [34mDEBUG[0m [2matac::tui::events[0m[2m:[0m Key pressed: Down
[2m2024-11-25T01:13:07.501686Z[0m [34mDEBUG[0m [2matac::tui::events[0m[2m:[0m Key pressed: Down
[2m2024-11-25T01:13:08.048944Z[0m [34mDEBUG[0m [2matac::tui::events[0m[2m:[0m Key pressed: Down
[2m2024-11-25T01:13:08.052488Z[0m [34mDEBUG[0m [2matac::tui::events[0m[2m:[0m Key pressed: Down
[2m2024-11-25T01:13:08.055902Z[0m [34mDEBUG[0m [2matac::tui::events[0m[2m:[0m Key pressed: Down
[2m2024-11-25T01:13:08.059355Z[0m [34mDEBUG[0m [2matac::tui::events[0m[2m:[0m Key pressed: Down
[2m2024-11-25T01:13:08.062800Z[0m [34mDEBUG[0m [2matac::tui::events[0m[2m:[0m Key pressed: Down
[2m2024-11-25T01:14:58.754302Z[0m [34mDEBUG[0m [2matac::tui::events[0m[2m:[0m Key pressed: Esc
[2m2024-11-25T01:14:58.895322Z[0m [34mDEBUG[0m [2matac::tui::events[0m[2m:[0m Key pressed: Down
[2m2024-11-25T01:15:00.482652Z[0m [34mDEBUG[0m [2matac::tui::events[0m[2m:[0m Key pressed: Enter
[2m2024-11-25T01:15:00.938535Z[0m [34mDEBUG[0m [2matac::tui::events[0m[2m:[0m Key pressed: Space
[2m2024-11-25T01:15:00.938607Z[0m [32m INFO[0m [2matac::app::business_logic::request::send[0m[2m:[0m Sending request
[2m2024-11-25T01:15:00.938759Z[0m [34mDEBUG[0m [1mHTTP request[0m[1m{[0m[3mhttp.request.method[0m[2m=[0mPOST [3murl.scheme[0m[2m=[0mhttp [3mserver.address[0m[2m=[0mlocalhost [3mserver.port[0m[2m=[0m8080 [3muser_agent.original[0m[2m=[0mATAC/v0.18.1 [3motel.kind[0m[2m=[0m"client" [3motel.name[0m[2m=[0mPOST[1m}[0m[2m:[0m [2mreqwest::connect[0m[2m:[0m starting new connection: http://localhost:8080/    
[2m2024-11-25T01:15:00.939035Z[0m [34mDEBUG[0m [2mhyper_util::client::legacy::connect::dns[0m[2m:[0m resolving host="localhost"
[2m2024-11-25T01:15:00.940254Z[0m [34mDEBUG[0m [1mHTTP request[0m[1m{[0m[3mhttp.request.method[0m[2m=[0mPOST [3murl.scheme[0m[2m=[0mhttp [3mserver.address[0m[2m=[0mlocalhost [3mserver.port[0m[2m=[0m8080 [3muser_agent.original[0m[2m=[0mATAC/v0.18.1 [3motel.kind[0m[2m=[0m"client" [3motel.name[0m[2m=[0mPOST[1m}[0m[2m:[0m [2mhyper_util::client::legacy::connect::http[0m[2m:[0m connecting to [::1]:8080
[2m2024-11-25T01:15:00.940552Z[0m [34mDEBUG[0m [1mHTTP request[0m[1m{[0m[3mhttp.request.method[0m[2m=[0mPOST [3murl.scheme[0m[2m=[0mhttp [3mserver.address[0m[2m=[0mlocalhost [3mserver.port[0m[2m=[0m8080 [3muser_agent.original[0m[2m=[0mATAC/v0.18.1 [3motel.kind[0m[2m=[0m"client" [3motel.name[0m[2m=[0mPOST[1m}[0m[2m:[0m [2mhyper_util::client::legacy::connect::http[0m[2m:[0m connecting to 127.0.0.1:8080
[2m2024-11-25T01:15:00.940784Z[0m [34mDEBUG[0m [1mHTTP request[0m[1m{[0m[3mhttp.request.method[0m[2m=[0mPOST [3murl.scheme[0m[2m=[0mhttp [3mserver.address[0m[2m=[0mlocalhost [3mserver.port[0m[2m=[0m8080 [3muser_agent.original[0m[2m=[0mATAC/v0.18.1 [3motel.kind[0m[2m=[0m"client" [3motel.name[0m[2m=[0mPOST[1m}[0m[2m:[0m [2mhyper_util::client::legacy::connect::http[0m[2m:[0m connected to 127.0.0.1:8080
[2m2024-11-25T01:15:01.314369Z[0m [34mDEBUG[0m [1mHTTP request[0m[1m{[0m[3mhttp.request.method[0m[2m=[0mPOST [3murl.scheme[0m[2m=[0mhttp [3mserver.address[0m[2m=[0mlocalhost [3mserver.port[0m[2m=[0m8080 [3muser_agent.original[0m[2m=[0mATAC/v0.18.1 [3motel.kind[0m[2m=[0m"client" [3motel.name[0m[2m=[0mPOST[1m}[0m[2m:[0m [2mhyper_util::client::legacy::pool[0m[2m:[0m pooling idle connection for ("http", localhost:8080)
[2m2024-11-25T01:15:02.813269Z[0m [34mDEBUG[0m [2matac::tui::events[0m[2m:[0m Key pressed: Esc
[2m2024-11-25T01:15:04.505281Z[0m [34mDEBUG[0m [2matac::tui::events[0m[2m:[0m Key pressed: Up
[2m2024-11-25T01:15:05.733016Z[0m [34mDEBUG[0m [2matac::tui::events[0m[2m:[0m Key pressed: Enter
[2m2024-11-25T01:15:06.188933Z[0m [34mDEBUG[0m [2matac::tui::events[0m[2m:[0m Key pressed: Space
[2m2024-11-25T01:15:06.188966Z[0m [32m INFO[0m [2matac::app::business_logic::request::send[0m[2m:[0m Sending request
[2m2024-11-25T01:15:06.189057Z[0m [34mDEBUG[0m [1mHTTP request[0m[1m{[0m[3mhttp.request.method[0m[2m=[0mGET [3murl.scheme[0m[2m=[0mhttp [3mserver.address[0m[2m=[0mlocalhost [3mserver.port[0m[2m=[0m8080 [3muser_agent.original[0m[2m=[0mATAC/v0.18.1 [3motel.kind[0m[2m=[0m"client" [3motel.name[0m[2m=[0mGET[1m}[0m[2m:[0m [2mreqwest::connect[0m[2m:[0m starting new connection: http://localhost:8080/    
[2m2024-11-25T01:15:06.189130Z[0m [34mDEBUG[0m [2mhyper_util::client::legacy::connect::dns[0m[2m:[0m resolving host="localhost"
[2m2024-11-25T01:15:06.189761Z[0m [34mDEBUG[0m [1mHTTP request[0m[1m{[0m[3mhttp.request.method[0m[2m=[0mGET [3murl.scheme[0m[2m=[0mhttp [3mserver.address[0m[2m=[0mlocalhost [3mserver.port[0m[2m=[0m8080 [3muser_agent.original[0m[2m=[0mATAC/v0.18.1 [3motel.kind[0m[2m=[0m"client" [3motel.name[0m[2m=[0mGET[1m}[0m[2m:[0m [2mhyper_util::client::legacy::connect::http[0m[2m:[0m connecting to [::1]:8080
[2m2024-11-25T01:15:06.189905Z[0m [34mDEBUG[0m [1mHTTP request[0m[1m{[0m[3mhttp.request.method[0m[2m=[0mGET [3murl.scheme[0m[2m=[0mhttp [3mserver.address[0m[2m=[0mlocalhost [3mserver.port[0m[2m=[0m8080 [3muser_agent.original[0m[2m=[0mATAC/v0.18.1 [3motel.kind[0m[2m=[0m"client" [3motel.name[0m[2m=[0mGET[1m}[0m[2m:[0m [2mhyper_util::client::legacy::connect::http[0m[2m:[0m connecting to 127.0.0.1:8080
[2m2024-11-25T01:15:06.189992Z[0m [34mDEBUG[0m [1mHTTP request[0m[1m{[0m[3mhttp.request.method[0m[2m=[0mGET [3murl.scheme[0m[2m=[0mhttp [3mserver.address[0m[2m=[0mlocalhost [3mserver.port[0m[2m=[0m8080 [3muser_agent.original[0m[2m=[0mATAC/v0.18.1 [3motel.kind[0m[2m=[0m"client" [3motel.name[0m[2m=[0mGET[1m}[0m[2m:[0m [2mhyper_util::client::legacy::connect::http[0m[2m:[0m connected to 127.0.0.1:8080
[2m2024-11-25T01:15:06.190817Z[0m [34mDEBUG[0m [1mHTTP request[0m[1m{[0m[3mhttp.request.method[0m[2m=[0mGET [3murl.scheme[0m[2m=[0mhttp [3mserver.address[0m[2m=[0mlocalhost [3mserver.port[0m[2m=[0m8080 [3muser_agent.original[0m[2m=[0mATAC/v0.18.1 [3motel.kind[0m[2m=[0m"client" [3motel.name[0m[2m=[0mGET[1m}[0m[2m:[0m [2mhyper_util::client::legacy::pool[0m[2m:[0m pooling idle connection for ("http", localhost:8080)
[2m2024-11-25T01:15:09.542956Z[0m [34mDEBUG[0m [2matac::tui::events[0m[2m:[0m Key pressed: Down
[2m2024-11-25T01:15:09.543881Z[0m [34mDEBUG[0m [2matac::tui::events[0m[2m:[0m Key pressed: Down
[2m2024-11-25T01:15:09.544728Z[0m [34mDEBUG[0m [2matac::tui::events[0m[2m:[0m Key pressed: Down
[2m2024-11-25T01:15:09.545572Z[0m [34mDEBUG[0m [2matac::tui::events[0m[2m:[0m Key pressed: Down
[2m2024-11-25T01:15:09.546331Z[0m [34mDEBUG[0m [2matac::tui::events[0m[2m:[0m Key pressed: Down
[2m2024-11-25T01:15:09.726200Z[0m [34mDEBUG[0m [2matac::tui::events[0m[2m:[0m Key pressed: Down
[2m2024-11-25T01:15:09.729482Z[0m [34mDEBUG[0m [2matac::tui::events[0m[2m:[0m Key pressed: Down
[2m2024-11-25T01:15:09.730282Z[0m [34mDEBUG[0m [2matac::tui::events[0m[2m:[0m Key pressed: Down
[2m2024-11-25T01:15:09.730991Z[0m [34mDEBUG[0m [2matac::tui::events[0m[2m:[0m Key pressed: Down
[2m2024-11-25T01:15:09.731680Z[0m [34mDEBUG[0m [2matac::tui::events[0m[2m:[0m Key pressed: Down
[2m2024-11-25T01:15:09.770089Z[0m [34mDEBUG[0m [2matac::tui::events[0m[2m:[0m Key pressed: Down
[2m2024-11-25T01:15:09.771300Z[0m [34mDEBUG[0m [2matac::tui::events[0m[2m:[0m Key pressed: Down
[2m2024-11-25T01:15:09.772431Z[0m [34mDEBUG[0m [2matac::tui::events[0m[2m:[0m Key pressed: Down
[2m2024-11-25T01:15:09.773529Z[0m [34mDEBUG[0m [2matac::tui::events[0m[2m:[0m Key pressed: Down
[2m2024-11-25T01:15:09.774618Z[0m [34mDEBUG[0m [2matac::tui::events[0m[2m:[0m Key pressed: Down
[2m2024-11-25T01:15:09.790914Z[0m [34mDEBUG[0m [2matac::tui::events[0m[2m:[0m Key pressed: Down
[2m2024-11-25T01:15:09.791745Z[0m [34mDEBUG[0m [2matac::tui::events[0m[2m:[0m Key pressed: Down
[2m2024-11-25T01:15:09.792528Z[0m [34mDEBUG[0m [2matac::tui::events[0m[2m:[0m Key pressed: Down
[2m2024-11-25T01:15:09.793205Z[0m [34mDEBUG[0m [2matac::tui::events[0m[2m:[0m Key pressed: Down
[2m2024-11-25T01:15:09.793918Z[0m [34mDEBUG[0m [2matac::tui::events[0m[2m:[0m Key pressed: Down
[2m2024-11-25T01:15:10.175054Z[0m [34mDEBUG[0m [2matac::tui::events[0m[2m:[0m Key pressed: Down
[2m2024-11-25T01:15:10.176256Z[0m [34mDEBUG[0m [2matac::tui::events[0m[2m:[0m Key pressed: Down
[2m2024-11-25T01:15:10.177367Z[0m [34mDEBUG[0m [2matac::tui::events[0m[2m:[0m Key pressed: Down
[2m2024-11-25T01:15:10.178459Z[0m [34mDEBUG[0m [2matac::tui::events[0m[2m:[0m Key pressed: Down
[2m2024-11-25T01:15:10.179565Z[0m [34mDEBUG[0m [2matac::tui::events[0m[2m:[0m Key pressed: Down
[2m2024-11-25T01:16:25.019407Z[0m [34mDEBUG[0m [2matac::tui::events[0m[2m:[0m Key pressed: Down
[2m2024-11-25T01:16:26.115639Z[0m [34mDEBUG[0m [2matac::tui::events[0m[2m:[0m Key pressed: Space
[2m2024-11-25T01:16:26.115676Z[0m [32m INFO[0m [2matac::app::business_logic::request::send[0m[2m:[0m Sending request
[2m2024-11-25T01:16:26.115843Z[0m [34mDEBUG[0m [1mHTTP request[0m[1m{[0m[3mhttp.request.method[0m[2m=[0mGET [3murl.scheme[0m[2m=[0mhttp [3mserver.address[0m[2m=[0mlocalhost [3mserver.port[0m[2m=[0m8080 [3muser_agent.original[0m[2m=[0mATAC/v0.18.1 [3motel.kind[0m[2m=[0m"client" [3motel.name[0m[2m=[0mGET[1m}[0m[2m:[0m [2mreqwest::connect[0m[2m:[0m starting new connection: http://localhost:8080/    
[2m2024-11-25T01:16:26.116119Z[0m [34mDEBUG[0m [2mhyper_util::client::legacy::connect::dns[0m[2m:[0m resolving host="localhost"
[2m2024-11-25T01:16:26.117240Z[0m [34mDEBUG[0m [1mHTTP request[0m[1m{[0m[3mhttp.request.method[0m[2m=[0mGET [3murl.scheme[0m[2m=[0mhttp [3mserver.address[0m[2m=[0mlocalhost [3mserver.port[0m[2m=[0m8080 [3muser_agent.original[0m[2m=[0mATAC/v0.18.1 [3motel.kind[0m[2m=[0m"client" [3motel.name[0m[2m=[0mGET[1m}[0m[2m:[0m [2mhyper_util::client::legacy::connect::http[0m[2m:[0m connecting to [::1]:8080
[2m2024-11-25T01:16:26.117475Z[0m [34mDEBUG[0m [1mHTTP request[0m[1m{[0m[3mhttp.request.method[0m[2m=[0mGET [3murl.scheme[0m[2m=[0mhttp [3mserver.address[0m[2m=[0mlocalhost [3mserver.port[0m[2m=[0m8080 [3muser_agent.original[0m[2m=[0mATAC/v0.18.1 [3motel.kind[0m[2m=[0m"client" [3motel.name[0m[2m=[0mGET[1m}[0m[2m:[0m [2mhyper_util::client::legacy::connect::http[0m[2m:[0m connecting to 127.0.0.1:8080
[2m2024-11-25T01:16:31.481823Z[0m [34mDEBUG[0m [2matac::tui::events[0m[2m:[0m Key pressed: Ctrl-h
[2m2024-11-25T01:16:46.007720Z[0m [34mDEBUG[0m [2matac::tui::events[0m[2m:[0m Key pressed: Esc
[2m2024-11-25T01:16:46.647076Z[0m [34mDEBUG[0m [2matac::tui::events[0m[2m:[0m Key pressed: s
[2m2024-11-25T01:16:49.157169Z[0m [34mDEBUG[0m [2matac::tui::events[0m[2m:[0m Key pressed: Esc
[2m2024-11-25T01:16:50.488104Z[0m [34mDEBUG[0m [2matac::tui::events[0m[2m:[0m Key pressed: Ctrl-h
[2m2024-11-25T01:17:03.165210Z[0m [34mDEBUG[0m [2matac::tui::events[0m[2m:[0m Key pressed: Esc
[2m2024-11-25T01:17:06.854400Z[0m [34mDEBUG[0m [2matac::tui::events[0m[2m:[0m Key pressed: Ctrl-h
[2m2024-11-25T01:17:11.824228Z[0m [34mDEBUG[0m [2matac::tui::events[0m[2m:[0m Key pressed: Esc
[2m2024-11-25T01:17:15.837214Z[0m [34mDEBUG[0m [2matac::tui::events[0m[2m:[0m Key pressed: Esc
[2m2024-11-25T01:17:16.476380Z[0m [34mDEBUG[0m [2matac::tui::events[0m[2m:[0m Key pressed: Up
[2m2024-11-25T01:17:16.809170Z[0m [34mDEBUG[0m [2matac::tui::events[0m[2m:[0m Key pressed: Down
[2m2024-11-25T01:17:17.538595Z[0m [34mDEBUG[0m [2matac::tui::events[0m[2m:[0m Key pressed: Up
[2m2024-11-25T01:17:18.031312Z[0m [34mDEBUG[0m [2matac::tui::events[0m[2m:[0m Key pressed: Down
[2m2024-11-25T01:17:19.399095Z[0m [34mDEBUG[0m [2matac::tui::events[0m[2m:[0m Key pressed: Ctrl-h
[2m2024-11-25T01:17:23.577693Z[0m [34mDEBUG[0m [2matac::tui::events[0m[2m:[0m Key pressed: Esc
[2m2024-11-25T01:17:23.905668Z[0m [34mDEBUG[0m [2matac::tui::events[0m[2m:[0m Key pressed: r
[2m2024-11-25T01:17:24.968564Z[0m [34mDEBUG[0m [2matac::tui::events[0m[2m:[0m Key pressed: Backspace
[2m2024-11-25T01:17:25.105797Z[0m [34mDEBUG[0m [2matac::tui::events[0m[2m:[0m Key pressed: Backspace
[2m2024-11-25T01:17:25.223649Z[0m [34mDEBUG[0m [2matac::tui::events[0m[2m:[0m Key pressed: Backspace
[2m2024-11-25T01:17:25.346513Z[0m [34mDEBUG[0m [2matac::tui::events[0m[2m:[0m Key pressed: Backspace
[2m2024-11-25T01:17:25.712694Z[0m [34mDEBUG[0m [2matac::tui::events[0m[2m:[0m Key pressed: g
[2m2024-11-25T01:17:25.894492Z[0m [34mDEBUG[0m [2matac::tui::events[0m[2m:[0m Key pressed: e
[2m2024-11-25T01:17:25.957712Z[0m [34mDEBUG[0m [2matac::tui::events[0m[2m:[0m Key pressed: t
[2m2024-11-25T01:17:26.035652Z[0m [34mDEBUG[0m [2matac::tui::events[0m[2m:[0m Key pressed: Space
[2m2024-11-25T01:17:26.231742Z[0m [34mDEBUG[0m [2matac::tui::events[0m[2m:[0m Key pressed: s
[2m2024-11-25T01:17:26.341744Z[0m [34mDEBUG[0m [2matac::tui::events[0m[2m:[0m Key pressed: t
[2m2024-11-25T01:17:26.395662Z[0m [34mDEBUG[0m [2matac::tui::events[0m[2m:[0m Key pressed: a
[2m2024-11-25T01:17:26.496639Z[0m [34mDEBUG[0m [2matac::tui::events[0m[2m:[0m Key pressed: t
[2m2024-11-25T01:17:26.555122Z[0m [34mDEBUG[0m [2matac::tui::events[0m[2m:[0m Key pressed: s
[2m2024-11-25T01:17:26.701707Z[0m [32m INFO[0m [2matac::app::business_logic::collection[0m[2m:[0m Request renamed to "get stats"
[2m2024-11-25T01:17:26.701757Z[0m [32m INFO[0m [2matac::app::files::collection[0m[2m:[0m Saving collection "HTTP Methods"
[2m2024-11-25T01:17:26.702208Z[0m [34mDEBUG[0m [2matac::tui::events[0m[2m:[0m Key pressed: Enter
[2m2024-11-25T01:17:27.481679Z[0m [34mDEBUG[0m [2matac::tui::events[0m[2m:[0m Key pressed: Down
[2m2024-11-25T01:17:30.499358Z[0m [34mDEBUG[0m [2matac::tui::events[0m[2m:[0m Key pressed: r
[2m2024-11-25T01:17:31.142894Z[0m [34mDEBUG[0m [2matac::tui::events[0m[2m:[0m Key pressed: Backspace
[2m2024-11-25T01:17:31.266785Z[0m [34mDEBUG[0m [2matac::tui::events[0m[2m:[0m Key pressed: Backspace
[2m2024-11-25T01:17:31.357785Z[0m [34mDEBUG[0m [2matac::tui::events[0m[2m:[0m Key pressed: Backspace
[2m2024-11-25T01:17:31.454885Z[0m [34mDEBUG[0m [2matac::tui::events[0m[2m:[0m Key pressed: Backspace
[2m2024-11-25T01:17:31.576449Z[0m [34mDEBUG[0m [2matac::tui::events[0m[2m:[0m Key pressed: Backspace
[2m2024-11-25T01:17:31.696571Z[0m [34mDEBUG[0m [2matac::tui::events[0m[2m:[0m Key pressed: Backspace
[2m2024-11-25T01:17:31.963285Z[0m [34mDEBUG[0m [2matac::tui::events[0m[2m:[0m Key pressed: s
[2m2024-11-25T01:17:32.029379Z[0m [34mDEBUG[0m [2matac::tui::events[0m[2m:[0m Key pressed: e
[2m2024-11-25T01:17:32.079589Z[0m [34mDEBUG[0m [2matac::tui::events[0m[2m:[0m Key pressed: t
[2m2024-11-25T01:17:32.155998Z[0m [34mDEBUG[0m [2matac::tui::events[0m[2m:[0m Key pressed: Space
[2m2024-11-25T01:17:32.260188Z[0m [34mDEBUG[0m [2matac::tui::events[0m[2m:[0m Key pressed: c
[2m2024-11-25T01:17:32.421552Z[0m [34mDEBUG[0m [2matac::tui::events[0m[2m:[0m Key pressed: h
[2m2024-11-25T01:17:32.483764Z[0m [34mDEBUG[0m [2matac::tui::events[0m[2m:[0m Key pressed: a
[2m2024-11-25T01:17:32.515742Z[0m [34mDEBUG[0m [2matac::tui::events[0m[2m:[0m Key pressed: m
[2m2024-11-25T01:17:32.556800Z[0m [34mDEBUG[0m [2matac::tui::events[0m[2m:[0m Key pressed: p
[2m2024-11-25T01:17:32.780681Z[0m [34mDEBUG[0m [2matac::tui::events[0m[2m:[0m Key pressed: i
[2m2024-11-25T01:17:32.798142Z[0m [34mDEBUG[0m [2matac::tui::events[0m[2m:[0m Key pressed: o
[2m2024-11-25T01:17:32.839746Z[0m [34mDEBUG[0m [2matac::tui::events[0m[2m:[0m Key pressed: n
[2m2024-11-25T01:17:33.012454Z[0m [34mDEBUG[0m [2matac::tui::events[0m[2m:[0m Key pressed: Space
[2m2024-11-25T01:17:33.058694Z[0m [34mDEBUG[0m [2matac::tui::events[0m[2m:[0m Key pressed: t
[2m2024-11-25T01:17:33.117820Z[0m [34mDEBUG[0m [2matac::tui::events[0m[2m:[0m Key pressed: o
[2m2024-11-25T01:17:33.229676Z[0m [34mDEBUG[0m [2matac::tui::events[0m[2m:[0m Key pressed: Space
[2m2024-11-25T01:17:33.491832Z[0m [34mDEBUG[0m [2matac::tui::events[0m[2m:[0m Key pressed: a
[2m2024-11-25T01:17:33.674840Z[0m [34mDEBUG[0m [2matac::tui::events[0m[2m:[0m Key pressed: a
[2m2024-11-25T01:17:33.801924Z[0m [34mDEBUG[0m [2matac::tui::events[0m[2m:[0m Key pressed: t
[2m2024-11-25T01:17:33.821745Z[0m [34mDEBUG[0m [2matac::tui::events[0m[2m:[0m Key pressed: r
[2m2024-11-25T01:17:33.921961Z[0m [34mDEBUG[0m [2matac::tui::events[0m[2m:[0m Key pressed: o
[2m2024-11-25T01:17:34.007795Z[0m [34mDEBUG[0m [2matac::tui::events[0m[2m:[0m Key pressed: x
[2m2024-11-25T01:17:34.116813Z[0m [32m INFO[0m [2matac::app::business_logic::collection[0m[2m:[0m Request renamed to "set champion to aatrox"
[2m2024-11-25T01:17:34.116907Z[0m [32m INFO[0m [2matac::app::files::collection[0m[2m:[0m Saving collection "HTTP Methods"
[2m2024-11-25T01:17:34.117360Z[0m [34mDEBUG[0m [2matac::tui::events[0m[2m:[0m Key pressed: Enter
[2m2024-11-25T01:55:15.982797Z[0m [34mDEBUG[0m [2matac::tui::events[0m[2m:[0m Key pressed: q
